TRACE::2024-01-17.13:52:47::SCWPlatform::Trying to open the hw design at C:/Users/benfetima/Desktop/DID/LCD/VITIS24/design_1_wrapper/hw/design_1_wrapper.xsa
TRACE::2024-01-17.13:52:47::SCWPlatform::DSA given C:/Users/benfetima/Desktop/DID/LCD/VITIS24/design_1_wrapper/hw/design_1_wrapper.xsa
TRACE::2024-01-17.13:52:47::SCWPlatform::DSA absoulate path C:/Users/benfetima/Desktop/DID/LCD/VITIS24/design_1_wrapper/hw/design_1_wrapper.xsa
TRACE::2024-01-17.13:52:47::SCWPlatform::DSA directory C:/Users/benfetima/Desktop/DID/LCD/VITIS24/design_1_wrapper/hw
TRACE::2024-01-17.13:52:47::SCWPlatform:: Platform Path C:/Users/benfetima/Desktop/DID/LCD/VITIS24/design_1_wrapper/hw/design_1_wrapper.xsa
TRACE::2024-01-17.13:52:47::SCWPlatform:: Unique name xilinx:kc705::0.0
TRACE::2024-01-17.13:52:47::SCWPlatform::Do not have an existing db opened. 
TRACE::2024-01-17.13:52:47::SCWPlatform::Opened new HwDB with name design_1_wrapper_0
TRACE::2024-01-17.13:52:47::SCWWriter::formatted JSON is {
	"platformName":	"design_1_wrapper",
	"sprVersion":	"2.0",
	"mode":	"gui",
	"dsaType":	"Fixed",
	"platformDesc":	"design_1_wrapper",
	"platHandOff":	"<platformDir>.xsa",
	"platIntHandOff":	"<platformDir>/hw/design_1_wrapper.xsa",
	"deviceType":	"FPGA",
	"platIsPrebuiltAutogen":	"false",
	"platIsNoBootBsp":	"false",
	"hasFsblMakeHasChanges":	"false",
	"hasPmufwMakeHasChanges":	"false",
	"platPreBuiltFlag":	false,
	"platformSamplesDir":	""
}
TRACE::2024-01-17.13:52:47::SCWWriter::formatted JSON is {
	"platformName":	"design_1_wrapper",
	"sprVersion":	"2.0",
	"mode":	"gui",
	"dsaType":	"Fixed",
	"platformDesc":	"design_1_wrapper",
	"platHandOff":	"<platformDir>.xsa",
	"platIntHandOff":	"<platformDir>/hw/design_1_wrapper.xsa",
	"deviceType":	"FPGA",
	"platIsPrebuiltAutogen":	"false",
	"platIsNoBootBsp":	"false",
	"hasFsblMakeHasChanges":	"false",
	"hasPmufwMakeHasChanges":	"false",
	"platPreBuiltFlag":	false,
	"platformSamplesDir":	"",
	"platActiveSys":	"design_1_wrapper",
	"systems":	[{
			"systemName":	"design_1_wrapper",
			"systemDesc":	"design_1_wrapper",
			"sysIsBootAutoGen":	"true",
			"systemDispName":	"design_1_wrapper"
		}]
}
TRACE::2024-01-17.13:52:47::SCWPlatform::Boot application domains not present, creating them
TRACE::2024-01-17.13:52:47::SCWPlatform::Pure FPGA device, no boot application will be created.
TRACE::2024-01-17.13:52:47::SCWWriter::formatted JSON is {
	"platformName":	"design_1_wrapper",
	"sprVersion":	"2.0",
	"mode":	"gui",
	"dsaType":	"Fixed",
	"platformDesc":	"design_1_wrapper",
	"platHandOff":	"<platformDir>.xsa",
	"platIntHandOff":	"<platformDir>/hw/design_1_wrapper.xsa",
	"deviceType":	"FPGA",
	"platIsPrebuiltAutogen":	"false",
	"platIsNoBootBsp":	"false",
	"hasFsblMakeHasChanges":	"false",
	"hasPmufwMakeHasChanges":	"false",
	"platPreBuiltFlag":	false,
	"platformSamplesDir":	"",
	"platActiveSys":	"design_1_wrapper",
	"systems":	[{
			"systemName":	"design_1_wrapper",
			"systemDesc":	"design_1_wrapper",
			"sysIsBootAutoGen":	"true",
			"systemDispName":	"design_1_wrapper"
		}]
}
TRACE::2024-01-17.13:52:47::SCWWriter::formatted JSON is {
	"platformName":	"design_1_wrapper",
	"sprVersion":	"2.0",
	"mode":	"gui",
	"dsaType":	"Fixed",
	"platformDesc":	"design_1_wrapper",
	"platHandOff":	"<platformDir>.xsa",
	"platIntHandOff":	"<platformDir>/hw/design_1_wrapper.xsa",
	"deviceType":	"FPGA",
	"platIsPrebuiltAutogen":	"false",
	"platIsNoBootBsp":	"false",
	"hasFsblMakeHasChanges":	"false",
	"hasPmufwMakeHasChanges":	"false",
	"platPreBuiltFlag":	false,
	"platformSamplesDir":	"",
	"platActiveSys":	"design_1_wrapper",
	"systems":	[{
			"systemName":	"design_1_wrapper",
			"systemDesc":	"design_1_wrapper",
			"sysIsBootAutoGen":	"true",
			"systemDispName":	"design_1_wrapper"
		}]
}
TRACE::2024-01-17.13:52:47::SCWPlatform::Trying to open the hw design at C:/Users/benfetima/Desktop/DID/LCD/VITIS24/design_1_wrapper/hw/design_1_wrapper.xsa
TRACE::2024-01-17.13:52:47::SCWPlatform::DSA given C:/Users/benfetima/Desktop/DID/LCD/VITIS24/design_1_wrapper/hw/design_1_wrapper.xsa
TRACE::2024-01-17.13:52:47::SCWPlatform::DSA absoulate path C:/Users/benfetima/Desktop/DID/LCD/VITIS24/design_1_wrapper/hw/design_1_wrapper.xsa
TRACE::2024-01-17.13:52:47::SCWPlatform::DSA directory C:/Users/benfetima/Desktop/DID/LCD/VITIS24/design_1_wrapper/hw
TRACE::2024-01-17.13:52:47::SCWPlatform:: Platform Path C:/Users/benfetima/Desktop/DID/LCD/VITIS24/design_1_wrapper/hw/design_1_wrapper.xsa
TRACE::2024-01-17.13:52:47::SCWPlatform:: Unique name xilinx:kc705::0.0
TRACE::2024-01-17.13:52:47::SCWPlatform::Trying to set the existing hwdb with name design_1_wrapper_0
TRACE::2024-01-17.13:52:47::SCWPlatform::Opened existing hwdb design_1_wrapper_0
TRACE::2024-01-17.13:52:47::SCWPlatform::Found the Hw Db part of the input DSA
TRACE::2024-01-17.13:52:47::SCWPlatform::Trying to open the hw design at C:/Users/benfetima/Desktop/DID/LCD/VITIS24/design_1_wrapper/hw/design_1_wrapper.xsa
TRACE::2024-01-17.13:52:47::SCWPlatform::DSA given C:/Users/benfetima/Desktop/DID/LCD/VITIS24/design_1_wrapper/hw/design_1_wrapper.xsa
TRACE::2024-01-17.13:52:47::SCWPlatform::DSA absoulate path C:/Users/benfetima/Desktop/DID/LCD/VITIS24/design_1_wrapper/hw/design_1_wrapper.xsa
TRACE::2024-01-17.13:52:47::SCWPlatform::DSA directory C:/Users/benfetima/Desktop/DID/LCD/VITIS24/design_1_wrapper/hw
TRACE::2024-01-17.13:52:47::SCWPlatform:: Platform Path C:/Users/benfetima/Desktop/DID/LCD/VITIS24/design_1_wrapper/hw/design_1_wrapper.xsa
TRACE::2024-01-17.13:52:47::SCWPlatform:: Unique name xilinx:kc705::0.0
TRACE::2024-01-17.13:52:47::SCWPlatform::Trying to set the existing hwdb with name design_1_wrapper_0
TRACE::2024-01-17.13:52:47::SCWPlatform::Opened existing hwdb design_1_wrapper_0
TRACE::2024-01-17.13:52:47::SCWPlatform::Found the Hw Db part of the input DSA
TRACE::2024-01-17.13:52:47::SCWDomain::checking for install qemu data   : 
TRACE::2024-01-17.13:52:47::SCWPlatform::Trying to open the hw design at C:/Users/benfetima/Desktop/DID/LCD/VITIS24/design_1_wrapper/hw/design_1_wrapper.xsa
TRACE::2024-01-17.13:52:47::SCWPlatform::DSA given C:/Users/benfetima/Desktop/DID/LCD/VITIS24/design_1_wrapper/hw/design_1_wrapper.xsa
TRACE::2024-01-17.13:52:47::SCWPlatform::DSA absoulate path C:/Users/benfetima/Desktop/DID/LCD/VITIS24/design_1_wrapper/hw/design_1_wrapper.xsa
TRACE::2024-01-17.13:52:47::SCWPlatform::DSA directory C:/Users/benfetima/Desktop/DID/LCD/VITIS24/design_1_wrapper/hw
TRACE::2024-01-17.13:52:48::SCWPlatform:: Platform Path C:/Users/benfetima/Desktop/DID/LCD/VITIS24/design_1_wrapper/hw/design_1_wrapper.xsa
TRACE::2024-01-17.13:52:48::SCWPlatform:: Unique name xilinx:kc705::0.0
TRACE::2024-01-17.13:52:48::SCWPlatform::Trying to set the existing hwdb with name design_1_wrapper_0
TRACE::2024-01-17.13:52:48::SCWPlatform::Opened existing hwdb design_1_wrapper_0
TRACE::2024-01-17.13:52:48::SCWPlatform::Found the Hw Db part of the input DSA
TRACE::2024-01-17.13:52:48::SCWPlatform::Trying to open the hw design at C:/Users/benfetima/Desktop/DID/LCD/VITIS24/design_1_wrapper/hw/design_1_wrapper.xsa
TRACE::2024-01-17.13:52:48::SCWPlatform::DSA given C:/Users/benfetima/Desktop/DID/LCD/VITIS24/design_1_wrapper/hw/design_1_wrapper.xsa
TRACE::2024-01-17.13:52:48::SCWPlatform::DSA absoulate path C:/Users/benfetima/Desktop/DID/LCD/VITIS24/design_1_wrapper/hw/design_1_wrapper.xsa
TRACE::2024-01-17.13:52:48::SCWPlatform::DSA directory C:/Users/benfetima/Desktop/DID/LCD/VITIS24/design_1_wrapper/hw
TRACE::2024-01-17.13:52:48::SCWPlatform:: Platform Path C:/Users/benfetima/Desktop/DID/LCD/VITIS24/design_1_wrapper/hw/design_1_wrapper.xsa
TRACE::2024-01-17.13:52:48::SCWPlatform:: Unique name xilinx:kc705::0.0
TRACE::2024-01-17.13:52:48::SCWPlatform::Trying to set the existing hwdb with name design_1_wrapper_0
TRACE::2024-01-17.13:52:48::SCWPlatform::Opened existing hwdb design_1_wrapper_0
TRACE::2024-01-17.13:52:48::SCWPlatform::Found the Hw Db part of the input DSA
TRACE::2024-01-17.13:52:48::SCWPlatform::Trying to open the hw design at C:/Users/benfetima/Desktop/DID/LCD/VITIS24/design_1_wrapper/hw/design_1_wrapper.xsa
TRACE::2024-01-17.13:52:48::SCWPlatform::DSA given C:/Users/benfetima/Desktop/DID/LCD/VITIS24/design_1_wrapper/hw/design_1_wrapper.xsa
TRACE::2024-01-17.13:52:48::SCWPlatform::DSA absoulate path C:/Users/benfetima/Desktop/DID/LCD/VITIS24/design_1_wrapper/hw/design_1_wrapper.xsa
TRACE::2024-01-17.13:52:48::SCWPlatform::DSA directory C:/Users/benfetima/Desktop/DID/LCD/VITIS24/design_1_wrapper/hw
TRACE::2024-01-17.13:52:48::SCWPlatform:: Platform Path C:/Users/benfetima/Desktop/DID/LCD/VITIS24/design_1_wrapper/hw/design_1_wrapper.xsa
TRACE::2024-01-17.13:52:48::SCWPlatform:: Unique name xilinx:kc705::0.0
TRACE::2024-01-17.13:52:48::SCWPlatform::Trying to set the existing hwdb with name design_1_wrapper_0
TRACE::2024-01-17.13:52:48::SCWPlatform::Opened existing hwdb design_1_wrapper_0
TRACE::2024-01-17.13:52:48::SCWPlatform::Found the Hw Db part of the input DSA
TRACE::2024-01-17.13:52:48::SCWMssOS::Checking the sw design at  C:/Users/benfetima/Desktop/DID/LCD/VITIS24/design_1_wrapper/microblaze_0/standalone_microblaze_0/bsp/system.mss
TRACE::2024-01-17.13:52:48::SCWMssOS::DEBUG:  swdes dump  
TRACE::2024-01-17.13:52:48::SCWMssOS::No sw design opened at  C:/Users/benfetima/Desktop/DID/LCD/VITIS24/design_1_wrapper/microblaze_0/standalone_microblaze_0/bsp/system.mss
TRACE::2024-01-17.13:52:48::SCWMssOS::mss does not exists at C:/Users/benfetima/Desktop/DID/LCD/VITIS24/design_1_wrapper/microblaze_0/standalone_microblaze_0/bsp/system.mss
TRACE::2024-01-17.13:52:48::SCWMssOS::Creating sw design at  C:/Users/benfetima/Desktop/DID/LCD/VITIS24/design_1_wrapper/microblaze_0/standalone_microblaze_0/bsp/system.mss
TRACE::2024-01-17.13:52:48::SCWMssOS::Adding the swdes entry, created swdb C:/Users/benfetima/Desktop/DID/LCD/VITIS24/design_1_wrapper/microblaze_0/standalone_microblaze_0/bsp/system.mss with des name C:/Users/benfetima/Desktop/DID/LCD/VITIS24/design_1_wrapper/microblaze_0/standalone_microblaze_0/bsp/system.mss
TRACE::2024-01-17.13:52:48::SCWMssOS::updating the scw layer changes to swdes at   C:/Users/benfetima/Desktop/DID/LCD/VITIS24/design_1_wrapper/microblaze_0/standalone_microblaze_0/bsp/system.mss
TRACE::2024-01-17.13:52:48::SCWMssOS::Writing mss at C:/Users/benfetima/Desktop/DID/LCD/VITIS24/design_1_wrapper/microblaze_0/standalone_microblaze_0/bsp/system.mss
TRACE::2024-01-17.13:52:48::SCWMssOS::Completed writing the mss file at C:/Users/benfetima/Desktop/DID/LCD/VITIS24/design_1_wrapper/microblaze_0/standalone_microblaze_0/bsp
TRACE::2024-01-17.13:52:48::SCWMssOS::Picking up changes from newly written mss file into SCW Layer. 
TRACE::2024-01-17.13:52:48::SCWMssOS::Updated the changes from newly written mss file into SCW Layer. 
TRACE::2024-01-17.13:52:48::SCWMssOS::Completed writing the mss file at C:/Users/benfetima/Desktop/DID/LCD/VITIS24/design_1_wrapper/microblaze_0/standalone_microblaze_0/bsp
TRACE::2024-01-17.13:52:48::SCWMssOS::Forcing BSP Sources regeneration.
TRACE::2024-01-17.13:52:49::SCWMssOS::Saving the mss changes C:/Users/benfetima/Desktop/DID/LCD/VITIS24/design_1_wrapper/microblaze_0/standalone_microblaze_0/bsp/system.mss
TRACE::2024-01-17.13:52:49::SCWMssOS::Adding the swdes entry, mss present, able to open swdb C:/Users/benfetima/Desktop/DID/LCD/VITIS24/design_1_wrapper/microblaze_0/standalone_microblaze_0/bsp/system.mss with des name system
TRACE::2024-01-17.13:52:49::SCWMssOS::Writing the mss file completed C:/Users/benfetima/Desktop/DID/LCD/VITIS24/design_1_wrapper/microblaze_0/standalone_microblaze_0/bsp/system.mss
TRACE::2024-01-17.13:52:49::SCWMssOS::Commit changes completed.
TRACE::2024-01-17.13:52:49::SCWPlatform::Trying to open the hw design at C:/Users/benfetima/Desktop/DID/LCD/VITIS24/design_1_wrapper/hw/design_1_wrapper.xsa
TRACE::2024-01-17.13:52:49::SCWPlatform::DSA given C:/Users/benfetima/Desktop/DID/LCD/VITIS24/design_1_wrapper/hw/design_1_wrapper.xsa
TRACE::2024-01-17.13:52:49::SCWPlatform::DSA absoulate path C:/Users/benfetima/Desktop/DID/LCD/VITIS24/design_1_wrapper/hw/design_1_wrapper.xsa
TRACE::2024-01-17.13:52:49::SCWPlatform::DSA directory C:/Users/benfetima/Desktop/DID/LCD/VITIS24/design_1_wrapper/hw
TRACE::2024-01-17.13:52:49::SCWPlatform:: Platform Path C:/Users/benfetima/Desktop/DID/LCD/VITIS24/design_1_wrapper/hw/design_1_wrapper.xsa
TRACE::2024-01-17.13:52:49::SCWPlatform:: Unique name xilinx:kc705::0.0
TRACE::2024-01-17.13:52:49::SCWPlatform::Trying to set the existing hwdb with name design_1_wrapper_0
TRACE::2024-01-17.13:52:49::SCWPlatform::Opened existing hwdb design_1_wrapper_0
TRACE::2024-01-17.13:52:49::SCWPlatform::Found the Hw Db part of the input DSA
TRACE::2024-01-17.13:52:49::SCWMssOS::Checking the sw design at  C:/Users/benfetima/Desktop/DID/LCD/VITIS24/design_1_wrapper/microblaze_0/standalone_microblaze_0/bsp/system.mss
TRACE::2024-01-17.13:52:49::SCWMssOS::DEBUG:  swdes dump  C:/Users/benfetima/Desktop/DID/LCD/VITIS24/design_1_wrapper/microblaze_0/standalone_microblaze_0/bsp/system.mss|system||

TRACE::2024-01-17.13:52:49::SCWMssOS::Sw design exists and opened at  C:/Users/benfetima/Desktop/DID/LCD/VITIS24/design_1_wrapper/microblaze_0/standalone_microblaze_0/bsp/system.mss
TRACE::2024-01-17.13:52:49::SCWPlatform::Trying to open the hw design at C:/Users/benfetima/Desktop/DID/LCD/VITIS24/design_1_wrapper/hw/design_1_wrapper.xsa
TRACE::2024-01-17.13:52:49::SCWPlatform::DSA given C:/Users/benfetima/Desktop/DID/LCD/VITIS24/design_1_wrapper/hw/design_1_wrapper.xsa
TRACE::2024-01-17.13:52:49::SCWPlatform::DSA absoulate path C:/Users/benfetima/Desktop/DID/LCD/VITIS24/design_1_wrapper/hw/design_1_wrapper.xsa
TRACE::2024-01-17.13:52:49::SCWPlatform::DSA directory C:/Users/benfetima/Desktop/DID/LCD/VITIS24/design_1_wrapper/hw
TRACE::2024-01-17.13:52:49::SCWPlatform:: Platform Path C:/Users/benfetima/Desktop/DID/LCD/VITIS24/design_1_wrapper/hw/design_1_wrapper.xsa
TRACE::2024-01-17.13:52:49::SCWPlatform:: Unique name xilinx:kc705::0.0
TRACE::2024-01-17.13:52:49::SCWPlatform::Trying to set the existing hwdb with name design_1_wrapper_0
TRACE::2024-01-17.13:52:49::SCWPlatform::Opened existing hwdb design_1_wrapper_0
TRACE::2024-01-17.13:52:49::SCWPlatform::Found the Hw Db part of the input DSA
TRACE::2024-01-17.13:52:49::SCWMssOS::Checking the sw design at  C:/Users/benfetima/Desktop/DID/LCD/VITIS24/design_1_wrapper/microblaze_0/standalone_microblaze_0/bsp/system.mss
TRACE::2024-01-17.13:52:49::SCWMssOS::DEBUG:  swdes dump  C:/Users/benfetima/Desktop/DID/LCD/VITIS24/design_1_wrapper/microblaze_0/standalone_microblaze_0/bsp/system.mss|system||

TRACE::2024-01-17.13:52:49::SCWMssOS::Sw design exists and opened at  C:/Users/benfetima/Desktop/DID/LCD/VITIS24/design_1_wrapper/microblaze_0/standalone_microblaze_0/bsp/system.mss
TRACE::2024-01-17.13:52:49::SCWPlatform::Trying to open the hw design at C:/Users/benfetima/Desktop/DID/LCD/VITIS24/design_1_wrapper/hw/design_1_wrapper.xsa
TRACE::2024-01-17.13:52:49::SCWPlatform::DSA given C:/Users/benfetima/Desktop/DID/LCD/VITIS24/design_1_wrapper/hw/design_1_wrapper.xsa
TRACE::2024-01-17.13:52:49::SCWPlatform::DSA absoulate path C:/Users/benfetima/Desktop/DID/LCD/VITIS24/design_1_wrapper/hw/design_1_wrapper.xsa
TRACE::2024-01-17.13:52:49::SCWPlatform::DSA directory C:/Users/benfetima/Desktop/DID/LCD/VITIS24/design_1_wrapper/hw
TRACE::2024-01-17.13:52:49::SCWPlatform:: Platform Path C:/Users/benfetima/Desktop/DID/LCD/VITIS24/design_1_wrapper/hw/design_1_wrapper.xsa
TRACE::2024-01-17.13:52:49::SCWPlatform:: Unique name xilinx:kc705::0.0
TRACE::2024-01-17.13:52:49::SCWPlatform::Trying to set the existing hwdb with name design_1_wrapper_0
TRACE::2024-01-17.13:52:49::SCWPlatform::Opened existing hwdb design_1_wrapper_0
TRACE::2024-01-17.13:52:49::SCWPlatform::Found the Hw Db part of the input DSA
TRACE::2024-01-17.13:52:49::SCWMssOS::Checking the sw design at  C:/Users/benfetima/Desktop/DID/LCD/VITIS24/design_1_wrapper/microblaze_0/standalone_microblaze_0/bsp/system.mss
TRACE::2024-01-17.13:52:49::SCWMssOS::DEBUG:  swdes dump  C:/Users/benfetima/Desktop/DID/LCD/VITIS24/design_1_wrapper/microblaze_0/standalone_microblaze_0/bsp/system.mss|system||

TRACE::2024-01-17.13:52:49::SCWMssOS::Sw design exists and opened at  C:/Users/benfetima/Desktop/DID/LCD/VITIS24/design_1_wrapper/microblaze_0/standalone_microblaze_0/bsp/system.mss
TRACE::2024-01-17.13:52:49::SCWWriter::formatted JSON is {
	"platformName":	"design_1_wrapper",
	"sprVersion":	"2.0",
	"mode":	"gui",
	"dsaType":	"Fixed",
	"platformDesc":	"design_1_wrapper",
	"platHandOff":	"<platformDir>.xsa",
	"platIntHandOff":	"<platformDir>/hw/design_1_wrapper.xsa",
	"deviceType":	"FPGA",
	"platIsPrebuiltAutogen":	"false",
	"platIsNoBootBsp":	"false",
	"hasFsblMakeHasChanges":	"false",
	"hasPmufwMakeHasChanges":	"false",
	"platPreBuiltFlag":	false,
	"platformSamplesDir":	"",
	"platActiveSys":	"design_1_wrapper",
	"systems":	[{
			"systemName":	"design_1_wrapper",
			"systemDesc":	"design_1_wrapper",
			"sysIsBootAutoGen":	"true",
			"systemDispName":	"design_1_wrapper",
			"sysActiveDom":	"standalone_microblaze_0",
			"sysDefaultDom":	"standalone_microblaze_0",
			"domains":	[{
					"domainName":	"standalone_microblaze_0",
					"domainDispName":	"standalone_microblaze_0",
					"domainDesc":	"standalone_microblaze_0",
					"processors":	"microblaze_0",
					"os":	"standalone",
					"sdxOs":	"standalone",
					"debugEnable":	"False",
					"domRuntimes":	["cpp"],
					"swRepo":	"",
					"mssOsVer":	"7.6",
					"mssFile":	"",
					"md5Digest":	"051a00ce14bcc300f0a9e066a21e096e",
					"compatibleApp":	"hello_world",
					"domType":	"mssDomain",
					"arch":	"32-bit",
					"appSettings":	{
						"appCompilerFlags":	"",
						"appLinkerFlags":	""
					},
					"addedLibs":	[],
					"libOptions":	{
						"libsContainingOptions":	[]
					},
					"prebuiltLibs":	{
						"prebuiltIncPath":	[],
						"prebuiltLibPath":	[]
					},
					"isolation":	{
					}
				}]
		}]
}
LOG::2024-01-17.13:52:49::SCWPlatform::Started generating the artifacts platform design_1_wrapper
TRACE::2024-01-17.13:52:49::SCWPlatform::Sanity checking of platform is completed
LOG::2024-01-17.13:52:49::SCWPlatform::Started generating the artifacts for system configuration design_1_wrapper
LOG::2024-01-17.13:52:49::SCWSystem::Checking the domain standalone_microblaze_0
LOG::2024-01-17.13:52:49::SCWSystem::Not a boot domain 
LOG::2024-01-17.13:52:49::SCWSystem::Started Processing the domain standalone_microblaze_0
TRACE::2024-01-17.13:52:49::SCWDomain::Generating domain artifcats
TRACE::2024-01-17.13:52:49::SCWMssOS::Generating standalone artifcats
TRACE::2024-01-17.13:52:49::SCWMssOS:: Copying the user libraries. 
TRACE::2024-01-17.13:52:49::SCWPlatform::Trying to open the hw design at C:/Users/benfetima/Desktop/DID/LCD/VITIS24/design_1_wrapper/hw/design_1_wrapper.xsa
TRACE::2024-01-17.13:52:49::SCWPlatform::DSA given C:/Users/benfetima/Desktop/DID/LCD/VITIS24/design_1_wrapper/hw/design_1_wrapper.xsa
TRACE::2024-01-17.13:52:49::SCWPlatform::DSA absoulate path C:/Users/benfetima/Desktop/DID/LCD/VITIS24/design_1_wrapper/hw/design_1_wrapper.xsa
TRACE::2024-01-17.13:52:49::SCWPlatform::DSA directory C:/Users/benfetima/Desktop/DID/LCD/VITIS24/design_1_wrapper/hw
TRACE::2024-01-17.13:52:49::SCWPlatform:: Platform Path C:/Users/benfetima/Desktop/DID/LCD/VITIS24/design_1_wrapper/hw/design_1_wrapper.xsa
TRACE::2024-01-17.13:52:49::SCWPlatform:: Unique name xilinx:kc705::0.0
TRACE::2024-01-17.13:52:49::SCWPlatform::Trying to set the existing hwdb with name design_1_wrapper_0
TRACE::2024-01-17.13:52:49::SCWPlatform::Opened existing hwdb design_1_wrapper_0
TRACE::2024-01-17.13:52:49::SCWPlatform::Found the Hw Db part of the input DSA
TRACE::2024-01-17.13:52:49::SCWMssOS::Checking the sw design at  C:/Users/benfetima/Desktop/DID/LCD/VITIS24/design_1_wrapper/microblaze_0/standalone_microblaze_0/bsp/system.mss
TRACE::2024-01-17.13:52:49::SCWMssOS::DEBUG:  swdes dump  C:/Users/benfetima/Desktop/DID/LCD/VITIS24/design_1_wrapper/microblaze_0/standalone_microblaze_0/bsp/system.mss|system||

TRACE::2024-01-17.13:52:49::SCWMssOS::Sw design exists and opened at  C:/Users/benfetima/Desktop/DID/LCD/VITIS24/design_1_wrapper/microblaze_0/standalone_microblaze_0/bsp/system.mss
TRACE::2024-01-17.13:52:49::SCWMssOS::Completed writing the mss file at C:/Users/benfetima/Desktop/DID/LCD/VITIS24/design_1_wrapper/microblaze_0/standalone_microblaze_0/bsp
TRACE::2024-01-17.13:52:49::SCWMssOS::Mss edits present, copying mssfile into export location C:/Users/benfetima/Desktop/DID/LCD/VITIS24/design_1_wrapper/microblaze_0/standalone_microblaze_0/bsp/system.mss
TRACE::2024-01-17.13:52:49::SCWMssOS::bsp generated is upto date with the mss file. Skipping bsp generation.
TRACE::2024-01-17.13:52:49::SCWMssOS::BSP is already built. skipping the bsp build ... 
TRACE::2024-01-17.13:52:49::SCWDomain::Skipping the build for domain :  standalone_microblaze_0
TRACE::2024-01-17.13:52:49::SCWMssOS::skipping the bsp build ... 
TRACE::2024-01-17.13:52:49::SCWMssOS::Copying to export directory.
TRACE::2024-01-17.13:52:49::SCWMssOS:: Checking if to create the Supporting Applications
TRACE::2024-01-17.13:52:49::SCWMssOS:: No Linux domain exists, trying to generate FSBL 
LOG::2024-01-17.13:52:49::SCWSystem::Completed Processing the domain standalone_microblaze_0
LOG::2024-01-17.13:52:49::SCWSystem::Completed Processing the sysconfig design_1_wrapper
LOG::2024-01-17.13:52:49::SCWPlatform::Completed generating the artifacts for system configuration design_1_wrapper
TRACE::2024-01-17.13:52:49::SCWPlatform::Started preparing the platform 
TRACE::2024-01-17.13:52:49::SCWSystem::Writing the bif file for system config design_1_wrapper
TRACE::2024-01-17.13:52:49::SCWSystem::dir created 
TRACE::2024-01-17.13:52:49::SCWSystem::Writing the bif 
TRACE::2024-01-17.13:52:49::SCWPlatform::Started writing the spfm file 
TRACE::2024-01-17.13:52:49::SCWPlatform::Started writing the xpfm file 
TRACE::2024-01-17.13:52:49::SCWPlatform::Completed generating the platform
TRACE::2024-01-17.13:52:49::SCWMssOS::Saving the mss changes C:/Users/benfetima/Desktop/DID/LCD/VITIS24/design_1_wrapper/microblaze_0/standalone_microblaze_0/bsp/system.mss
TRACE::2024-01-17.13:52:49::SCWMssOS::Found a swdesign opened with the mssfile.
TRACE::2024-01-17.13:52:49::SCWMssOS::Completed writemss as part of save.
TRACE::2024-01-17.13:52:49::SCWMssOS::Commit changes completed.
TRACE::2024-01-17.13:52:49::SCWPlatform::Trying to open the hw design at C:/Users/benfetima/Desktop/DID/LCD/VITIS24/design_1_wrapper/hw/design_1_wrapper.xsa
TRACE::2024-01-17.13:52:49::SCWPlatform::DSA given C:/Users/benfetima/Desktop/DID/LCD/VITIS24/design_1_wrapper/hw/design_1_wrapper.xsa
TRACE::2024-01-17.13:52:49::SCWPlatform::DSA absoulate path C:/Users/benfetima/Desktop/DID/LCD/VITIS24/design_1_wrapper/hw/design_1_wrapper.xsa
TRACE::2024-01-17.13:52:49::SCWPlatform::DSA directory C:/Users/benfetima/Desktop/DID/LCD/VITIS24/design_1_wrapper/hw
TRACE::2024-01-17.13:52:49::SCWPlatform:: Platform Path C:/Users/benfetima/Desktop/DID/LCD/VITIS24/design_1_wrapper/hw/design_1_wrapper.xsa
TRACE::2024-01-17.13:52:49::SCWPlatform:: Unique name xilinx:kc705::0.0
TRACE::2024-01-17.13:52:49::SCWPlatform::Trying to set the existing hwdb with name design_1_wrapper_0
TRACE::2024-01-17.13:52:49::SCWPlatform::Opened existing hwdb design_1_wrapper_0
TRACE::2024-01-17.13:52:49::SCWPlatform::Found the Hw Db part of the input DSA
TRACE::2024-01-17.13:52:49::SCWMssOS::Checking the sw design at  C:/Users/benfetima/Desktop/DID/LCD/VITIS24/design_1_wrapper/microblaze_0/standalone_microblaze_0/bsp/system.mss
TRACE::2024-01-17.13:52:49::SCWMssOS::DEBUG:  swdes dump  C:/Users/benfetima/Desktop/DID/LCD/VITIS24/design_1_wrapper/microblaze_0/standalone_microblaze_0/bsp/system.mss|system||

TRACE::2024-01-17.13:52:49::SCWMssOS::Sw design exists and opened at  C:/Users/benfetima/Desktop/DID/LCD/VITIS24/design_1_wrapper/microblaze_0/standalone_microblaze_0/bsp/system.mss
TRACE::2024-01-17.13:52:49::SCWPlatform::Trying to open the hw design at C:/Users/benfetima/Desktop/DID/LCD/VITIS24/design_1_wrapper/hw/design_1_wrapper.xsa
TRACE::2024-01-17.13:52:49::SCWPlatform::DSA given C:/Users/benfetima/Desktop/DID/LCD/VITIS24/design_1_wrapper/hw/design_1_wrapper.xsa
TRACE::2024-01-17.13:52:49::SCWPlatform::DSA absoulate path C:/Users/benfetima/Desktop/DID/LCD/VITIS24/design_1_wrapper/hw/design_1_wrapper.xsa
TRACE::2024-01-17.13:52:49::SCWPlatform::DSA directory C:/Users/benfetima/Desktop/DID/LCD/VITIS24/design_1_wrapper/hw
TRACE::2024-01-17.13:52:49::SCWPlatform:: Platform Path C:/Users/benfetima/Desktop/DID/LCD/VITIS24/design_1_wrapper/hw/design_1_wrapper.xsa
TRACE::2024-01-17.13:52:49::SCWPlatform:: Unique name xilinx:kc705::0.0
TRACE::2024-01-17.13:52:49::SCWPlatform::Trying to set the existing hwdb with name design_1_wrapper_0
TRACE::2024-01-17.13:52:49::SCWPlatform::Opened existing hwdb design_1_wrapper_0
TRACE::2024-01-17.13:52:49::SCWPlatform::Found the Hw Db part of the input DSA
TRACE::2024-01-17.13:52:49::SCWMssOS::Checking the sw design at  C:/Users/benfetima/Desktop/DID/LCD/VITIS24/design_1_wrapper/microblaze_0/standalone_microblaze_0/bsp/system.mss
TRACE::2024-01-17.13:52:49::SCWMssOS::DEBUG:  swdes dump  C:/Users/benfetima/Desktop/DID/LCD/VITIS24/design_1_wrapper/microblaze_0/standalone_microblaze_0/bsp/system.mss|system||

TRACE::2024-01-17.13:52:49::SCWMssOS::Sw design exists and opened at  C:/Users/benfetima/Desktop/DID/LCD/VITIS24/design_1_wrapper/microblaze_0/standalone_microblaze_0/bsp/system.mss
TRACE::2024-01-17.13:52:49::SCWPlatform::Trying to open the hw design at C:/Users/benfetima/Desktop/DID/LCD/VITIS24/design_1_wrapper/hw/design_1_wrapper.xsa
TRACE::2024-01-17.13:52:49::SCWPlatform::DSA given C:/Users/benfetima/Desktop/DID/LCD/VITIS24/design_1_wrapper/hw/design_1_wrapper.xsa
TRACE::2024-01-17.13:52:49::SCWPlatform::DSA absoulate path C:/Users/benfetima/Desktop/DID/LCD/VITIS24/design_1_wrapper/hw/design_1_wrapper.xsa
TRACE::2024-01-17.13:52:49::SCWPlatform::DSA directory C:/Users/benfetima/Desktop/DID/LCD/VITIS24/design_1_wrapper/hw
TRACE::2024-01-17.13:52:49::SCWPlatform:: Platform Path C:/Users/benfetima/Desktop/DID/LCD/VITIS24/design_1_wrapper/hw/design_1_wrapper.xsa
TRACE::2024-01-17.13:52:49::SCWPlatform:: Unique name xilinx:kc705::0.0
TRACE::2024-01-17.13:52:49::SCWPlatform::Trying to set the existing hwdb with name design_1_wrapper_0
TRACE::2024-01-17.13:52:50::SCWPlatform::Opened existing hwdb design_1_wrapper_0
TRACE::2024-01-17.13:52:50::SCWPlatform::Found the Hw Db part of the input DSA
TRACE::2024-01-17.13:52:50::SCWMssOS::Checking the sw design at  C:/Users/benfetima/Desktop/DID/LCD/VITIS24/design_1_wrapper/microblaze_0/standalone_microblaze_0/bsp/system.mss
TRACE::2024-01-17.13:52:50::SCWMssOS::DEBUG:  swdes dump  C:/Users/benfetima/Desktop/DID/LCD/VITIS24/design_1_wrapper/microblaze_0/standalone_microblaze_0/bsp/system.mss|system||

TRACE::2024-01-17.13:52:50::SCWMssOS::Sw design exists and opened at  C:/Users/benfetima/Desktop/DID/LCD/VITIS24/design_1_wrapper/microblaze_0/standalone_microblaze_0/bsp/system.mss
TRACE::2024-01-17.13:52:50::SCWWriter::formatted JSON is {
	"platformName":	"design_1_wrapper",
	"sprVersion":	"2.0",
	"mode":	"gui",
	"dsaType":	"Fixed",
	"platformDesc":	"design_1_wrapper",
	"platHandOff":	"<platformDir>.xsa",
	"platIntHandOff":	"<platformDir>/hw/design_1_wrapper.xsa",
	"deviceType":	"FPGA",
	"platIsPrebuiltAutogen":	"false",
	"platIsNoBootBsp":	"false",
	"hasFsblMakeHasChanges":	"false",
	"hasPmufwMakeHasChanges":	"false",
	"platPreBuiltFlag":	false,
	"platformSamplesDir":	"",
	"platActiveSys":	"design_1_wrapper",
	"systems":	[{
			"systemName":	"design_1_wrapper",
			"systemDesc":	"design_1_wrapper",
			"sysIsBootAutoGen":	"true",
			"systemDispName":	"design_1_wrapper",
			"sysActiveDom":	"standalone_microblaze_0",
			"sysDefaultDom":	"standalone_microblaze_0",
			"domains":	[{
					"domainName":	"standalone_microblaze_0",
					"domainDispName":	"standalone_microblaze_0",
					"domainDesc":	"standalone_microblaze_0",
					"processors":	"microblaze_0",
					"os":	"standalone",
					"sdxOs":	"standalone",
					"debugEnable":	"False",
					"domRuntimes":	["cpp"],
					"swRepo":	"",
					"mssOsVer":	"7.6",
					"mssFile":	"",
					"md5Digest":	"051a00ce14bcc300f0a9e066a21e096e",
					"compatibleApp":	"hello_world",
					"domType":	"mssDomain",
					"arch":	"32-bit",
					"appSettings":	{
						"appCompilerFlags":	"",
						"appLinkerFlags":	""
					},
					"addedLibs":	[],
					"libOptions":	{
						"libsContainingOptions":	[]
					},
					"prebuiltLibs":	{
						"prebuiltIncPath":	[],
						"prebuiltLibPath":	[]
					},
					"isolation":	{
					}
				}]
		}]
}
KEYINFO::2024-01-17.13:52:50::SCWPlatform::updated the xpfm file.
TRACE::2024-01-17.13:52:50::SCWPlatform::Trying to open the hw design at C:/Users/benfetima/Desktop/DID/LCD/VITIS24/design_1_wrapper/hw/design_1_wrapper.xsa
TRACE::2024-01-17.13:52:50::SCWPlatform::DSA given C:/Users/benfetima/Desktop/DID/LCD/VITIS24/design_1_wrapper/hw/design_1_wrapper.xsa
TRACE::2024-01-17.13:52:50::SCWPlatform::DSA absoulate path C:/Users/benfetima/Desktop/DID/LCD/VITIS24/design_1_wrapper/hw/design_1_wrapper.xsa
TRACE::2024-01-17.13:52:50::SCWPlatform::DSA directory C:/Users/benfetima/Desktop/DID/LCD/VITIS24/design_1_wrapper/hw
TRACE::2024-01-17.13:52:50::SCWPlatform:: Platform Path C:/Users/benfetima/Desktop/DID/LCD/VITIS24/design_1_wrapper/hw/design_1_wrapper.xsa
TRACE::2024-01-17.13:52:50::SCWPlatform:: Unique name xilinx:kc705::0.0
TRACE::2024-01-17.13:52:50::SCWPlatform::Trying to set the existing hwdb with name design_1_wrapper_0
TRACE::2024-01-17.13:52:50::SCWPlatform::Opened existing hwdb design_1_wrapper_0
TRACE::2024-01-17.13:52:50::SCWPlatform::Found the Hw Db part of the input DSA
TRACE::2024-01-17.13:52:50::SCWMssOS::Checking the sw design at  C:/Users/benfetima/Desktop/DID/LCD/VITIS24/design_1_wrapper/microblaze_0/standalone_microblaze_0/bsp/system.mss
TRACE::2024-01-17.13:52:50::SCWMssOS::DEBUG:  swdes dump  C:/Users/benfetima/Desktop/DID/LCD/VITIS24/design_1_wrapper/microblaze_0/standalone_microblaze_0/bsp/system.mss|system||

TRACE::2024-01-17.13:52:50::SCWMssOS::Sw design exists and opened at  C:/Users/benfetima/Desktop/DID/LCD/VITIS24/design_1_wrapper/microblaze_0/standalone_microblaze_0/bsp/system.mss
TRACE::2024-01-17.13:52:50::SCWMssOS::Saving the mss changes C:/Users/benfetima/Desktop/DID/LCD/VITIS24/design_1_wrapper/microblaze_0/standalone_microblaze_0/bsp/system.mss
TRACE::2024-01-17.13:52:50::SCWMssOS::Found a swdesign opened with the mssfile.
TRACE::2024-01-17.13:52:50::SCWMssOS::Completed writemss as part of save.
TRACE::2024-01-17.13:52:50::SCWMssOS::Commit changes completed.
TRACE::2024-01-17.13:52:50::SCWPlatform::Trying to open the hw design at C:/Users/benfetima/Desktop/DID/LCD/VITIS24/design_1_wrapper/hw/design_1_wrapper.xsa
TRACE::2024-01-17.13:52:50::SCWPlatform::DSA given C:/Users/benfetima/Desktop/DID/LCD/VITIS24/design_1_wrapper/hw/design_1_wrapper.xsa
TRACE::2024-01-17.13:52:50::SCWPlatform::DSA absoulate path C:/Users/benfetima/Desktop/DID/LCD/VITIS24/design_1_wrapper/hw/design_1_wrapper.xsa
TRACE::2024-01-17.13:52:50::SCWPlatform::DSA directory C:/Users/benfetima/Desktop/DID/LCD/VITIS24/design_1_wrapper/hw
TRACE::2024-01-17.13:52:50::SCWPlatform:: Platform Path C:/Users/benfetima/Desktop/DID/LCD/VITIS24/design_1_wrapper/hw/design_1_wrapper.xsa
TRACE::2024-01-17.13:52:50::SCWPlatform:: Unique name xilinx:kc705::0.0
TRACE::2024-01-17.13:52:50::SCWPlatform::Trying to set the existing hwdb with name design_1_wrapper_0
TRACE::2024-01-17.13:52:50::SCWPlatform::Opened existing hwdb design_1_wrapper_0
TRACE::2024-01-17.13:52:50::SCWPlatform::Found the Hw Db part of the input DSA
TRACE::2024-01-17.13:52:50::SCWMssOS::Checking the sw design at  C:/Users/benfetima/Desktop/DID/LCD/VITIS24/design_1_wrapper/microblaze_0/standalone_microblaze_0/bsp/system.mss
TRACE::2024-01-17.13:52:50::SCWMssOS::DEBUG:  swdes dump  C:/Users/benfetima/Desktop/DID/LCD/VITIS24/design_1_wrapper/microblaze_0/standalone_microblaze_0/bsp/system.mss|system||

TRACE::2024-01-17.13:52:50::SCWMssOS::Sw design exists and opened at  C:/Users/benfetima/Desktop/DID/LCD/VITIS24/design_1_wrapper/microblaze_0/standalone_microblaze_0/bsp/system.mss
TRACE::2024-01-17.13:52:50::SCWPlatform::Trying to open the hw design at C:/Users/benfetima/Desktop/DID/LCD/VITIS24/design_1_wrapper/hw/design_1_wrapper.xsa
TRACE::2024-01-17.13:52:50::SCWPlatform::DSA given C:/Users/benfetima/Desktop/DID/LCD/VITIS24/design_1_wrapper/hw/design_1_wrapper.xsa
TRACE::2024-01-17.13:52:50::SCWPlatform::DSA absoulate path C:/Users/benfetima/Desktop/DID/LCD/VITIS24/design_1_wrapper/hw/design_1_wrapper.xsa
TRACE::2024-01-17.13:52:50::SCWPlatform::DSA directory C:/Users/benfetima/Desktop/DID/LCD/VITIS24/design_1_wrapper/hw
TRACE::2024-01-17.13:52:50::SCWPlatform:: Platform Path C:/Users/benfetima/Desktop/DID/LCD/VITIS24/design_1_wrapper/hw/design_1_wrapper.xsa
TRACE::2024-01-17.13:52:50::SCWPlatform:: Unique name xilinx:kc705::0.0
TRACE::2024-01-17.13:52:50::SCWPlatform::Trying to set the existing hwdb with name design_1_wrapper_0
TRACE::2024-01-17.13:52:50::SCWPlatform::Opened existing hwdb design_1_wrapper_0
TRACE::2024-01-17.13:52:50::SCWPlatform::Found the Hw Db part of the input DSA
TRACE::2024-01-17.13:52:50::SCWMssOS::Checking the sw design at  C:/Users/benfetima/Desktop/DID/LCD/VITIS24/design_1_wrapper/microblaze_0/standalone_microblaze_0/bsp/system.mss
TRACE::2024-01-17.13:52:50::SCWMssOS::DEBUG:  swdes dump  C:/Users/benfetima/Desktop/DID/LCD/VITIS24/design_1_wrapper/microblaze_0/standalone_microblaze_0/bsp/system.mss|system||

TRACE::2024-01-17.13:52:50::SCWMssOS::Sw design exists and opened at  C:/Users/benfetima/Desktop/DID/LCD/VITIS24/design_1_wrapper/microblaze_0/standalone_microblaze_0/bsp/system.mss
TRACE::2024-01-17.13:52:50::SCWPlatform::Trying to open the hw design at C:/Users/benfetima/Desktop/DID/LCD/VITIS24/design_1_wrapper/hw/design_1_wrapper.xsa
TRACE::2024-01-17.13:52:50::SCWPlatform::DSA given C:/Users/benfetima/Desktop/DID/LCD/VITIS24/design_1_wrapper/hw/design_1_wrapper.xsa
TRACE::2024-01-17.13:52:50::SCWPlatform::DSA absoulate path C:/Users/benfetima/Desktop/DID/LCD/VITIS24/design_1_wrapper/hw/design_1_wrapper.xsa
TRACE::2024-01-17.13:52:50::SCWPlatform::DSA directory C:/Users/benfetima/Desktop/DID/LCD/VITIS24/design_1_wrapper/hw
TRACE::2024-01-17.13:52:50::SCWPlatform:: Platform Path C:/Users/benfetima/Desktop/DID/LCD/VITIS24/design_1_wrapper/hw/design_1_wrapper.xsa
TRACE::2024-01-17.13:52:50::SCWPlatform:: Unique name xilinx:kc705::0.0
TRACE::2024-01-17.13:52:50::SCWPlatform::Trying to set the existing hwdb with name design_1_wrapper_0
TRACE::2024-01-17.13:52:50::SCWPlatform::Opened existing hwdb design_1_wrapper_0
TRACE::2024-01-17.13:52:50::SCWPlatform::Found the Hw Db part of the input DSA
TRACE::2024-01-17.13:52:50::SCWMssOS::Checking the sw design at  C:/Users/benfetima/Desktop/DID/LCD/VITIS24/design_1_wrapper/microblaze_0/standalone_microblaze_0/bsp/system.mss
TRACE::2024-01-17.13:52:50::SCWMssOS::DEBUG:  swdes dump  C:/Users/benfetima/Desktop/DID/LCD/VITIS24/design_1_wrapper/microblaze_0/standalone_microblaze_0/bsp/system.mss|system||

TRACE::2024-01-17.13:52:50::SCWMssOS::Sw design exists and opened at  C:/Users/benfetima/Desktop/DID/LCD/VITIS24/design_1_wrapper/microblaze_0/standalone_microblaze_0/bsp/system.mss
TRACE::2024-01-17.13:52:50::SCWWriter::formatted JSON is {
	"platformName":	"design_1_wrapper",
	"sprVersion":	"2.0",
	"mode":	"gui",
	"dsaType":	"Fixed",
	"platformDesc":	"design_1_wrapper",
	"platHandOff":	"<platformDir>.xsa",
	"platIntHandOff":	"<platformDir>/hw/design_1_wrapper.xsa",
	"deviceType":	"FPGA",
	"platIsPrebuiltAutogen":	"false",
	"platIsNoBootBsp":	"false",
	"hasFsblMakeHasChanges":	"false",
	"hasPmufwMakeHasChanges":	"false",
	"platPreBuiltFlag":	false,
	"platformSamplesDir":	"",
	"platActiveSys":	"design_1_wrapper",
	"systems":	[{
			"systemName":	"design_1_wrapper",
			"systemDesc":	"design_1_wrapper",
			"sysIsBootAutoGen":	"true",
			"systemDispName":	"design_1_wrapper",
			"sysActiveDom":	"standalone_microblaze_0",
			"sysDefaultDom":	"standalone_microblaze_0",
			"domains":	[{
					"domainName":	"standalone_microblaze_0",
					"domainDispName":	"standalone_microblaze_0",
					"domainDesc":	"standalone_microblaze_0",
					"processors":	"microblaze_0",
					"os":	"standalone",
					"sdxOs":	"standalone",
					"debugEnable":	"False",
					"domRuntimes":	["cpp"],
					"swRepo":	"",
					"mssOsVer":	"7.6",
					"mssFile":	"",
					"md5Digest":	"051a00ce14bcc300f0a9e066a21e096e",
					"compatibleApp":	"hello_world",
					"domType":	"mssDomain",
					"arch":	"32-bit",
					"appSettings":	{
						"appCompilerFlags":	"",
						"appLinkerFlags":	""
					},
					"addedLibs":	[],
					"libOptions":	{
						"libsContainingOptions":	[]
					},
					"prebuiltLibs":	{
						"prebuiltIncPath":	[],
						"prebuiltLibPath":	[]
					},
					"isolation":	{
					}
				}]
		}]
}
TRACE::2024-01-17.13:52:50::SCWPlatform::Trying to open the hw design at C:/Users/benfetima/Desktop/DID/LCD/VITIS24/design_1_wrapper/hw/design_1_wrapper.xsa
TRACE::2024-01-17.13:52:50::SCWPlatform::DSA given C:/Users/benfetima/Desktop/DID/LCD/VITIS24/design_1_wrapper/hw/design_1_wrapper.xsa
TRACE::2024-01-17.13:52:50::SCWPlatform::DSA absoulate path C:/Users/benfetima/Desktop/DID/LCD/VITIS24/design_1_wrapper/hw/design_1_wrapper.xsa
TRACE::2024-01-17.13:52:50::SCWPlatform::DSA directory C:/Users/benfetima/Desktop/DID/LCD/VITIS24/design_1_wrapper/hw
TRACE::2024-01-17.13:52:50::SCWPlatform:: Platform Path C:/Users/benfetima/Desktop/DID/LCD/VITIS24/design_1_wrapper/hw/design_1_wrapper.xsa
TRACE::2024-01-17.13:52:50::SCWPlatform:: Unique name xilinx:kc705::0.0
TRACE::2024-01-17.13:52:50::SCWPlatform::Trying to set the existing hwdb with name design_1_wrapper_0
TRACE::2024-01-17.13:52:50::SCWPlatform::Opened existing hwdb design_1_wrapper_0
TRACE::2024-01-17.13:52:50::SCWPlatform::Found the Hw Db part of the input DSA
TRACE::2024-01-17.13:52:50::SCWMssOS::Checking the sw design at  C:/Users/benfetima/Desktop/DID/LCD/VITIS24/design_1_wrapper/microblaze_0/standalone_microblaze_0/bsp/system.mss
TRACE::2024-01-17.13:52:50::SCWMssOS::DEBUG:  swdes dump  C:/Users/benfetima/Desktop/DID/LCD/VITIS24/design_1_wrapper/microblaze_0/standalone_microblaze_0/bsp/system.mss|system||

TRACE::2024-01-17.13:52:50::SCWMssOS::Sw design exists and opened at  C:/Users/benfetima/Desktop/DID/LCD/VITIS24/design_1_wrapper/microblaze_0/standalone_microblaze_0/bsp/system.mss
TRACE::2024-01-17.13:52:50::SCWPlatform::Trying to open the hw design at C:/Users/benfetima/Desktop/DID/LCD/VITIS24/design_1_wrapper/hw/design_1_wrapper.xsa
TRACE::2024-01-17.13:52:50::SCWPlatform::DSA given C:/Users/benfetima/Desktop/DID/LCD/VITIS24/design_1_wrapper/hw/design_1_wrapper.xsa
TRACE::2024-01-17.13:52:50::SCWPlatform::DSA absoulate path C:/Users/benfetima/Desktop/DID/LCD/VITIS24/design_1_wrapper/hw/design_1_wrapper.xsa
TRACE::2024-01-17.13:52:50::SCWPlatform::DSA directory C:/Users/benfetima/Desktop/DID/LCD/VITIS24/design_1_wrapper/hw
TRACE::2024-01-17.13:52:50::SCWPlatform:: Platform Path C:/Users/benfetima/Desktop/DID/LCD/VITIS24/design_1_wrapper/hw/design_1_wrapper.xsa
TRACE::2024-01-17.13:52:50::SCWPlatform:: Unique name xilinx:kc705::0.0
TRACE::2024-01-17.13:52:50::SCWPlatform::Trying to set the existing hwdb with name design_1_wrapper_0
TRACE::2024-01-17.13:52:50::SCWPlatform::Opened existing hwdb design_1_wrapper_0
TRACE::2024-01-17.13:52:50::SCWPlatform::Found the Hw Db part of the input DSA
TRACE::2024-01-17.13:52:50::SCWMssOS::Checking the sw design at  C:/Users/benfetima/Desktop/DID/LCD/VITIS24/design_1_wrapper/microblaze_0/standalone_microblaze_0/bsp/system.mss
TRACE::2024-01-17.13:52:50::SCWMssOS::DEBUG:  swdes dump  C:/Users/benfetima/Desktop/DID/LCD/VITIS24/design_1_wrapper/microblaze_0/standalone_microblaze_0/bsp/system.mss|system||

TRACE::2024-01-17.13:52:50::SCWMssOS::Sw design exists and opened at  C:/Users/benfetima/Desktop/DID/LCD/VITIS24/design_1_wrapper/microblaze_0/standalone_microblaze_0/bsp/system.mss
TRACE::2024-01-17.13:52:50::SCWMssOS::Saving the mss changes C:/Users/benfetima/Desktop/DID/LCD/VITIS24/design_1_wrapper/microblaze_0/standalone_microblaze_0/bsp/system.mss
TRACE::2024-01-17.13:52:50::SCWMssOS::Found a swdesign opened with the mssfile.
TRACE::2024-01-17.13:52:50::SCWMssOS::Completed writemss as part of save.
TRACE::2024-01-17.13:52:50::SCWMssOS::Commit changes completed.
TRACE::2024-01-17.13:52:50::SCWPlatform::Trying to open the hw design at C:/Users/benfetima/Desktop/DID/LCD/VITIS24/design_1_wrapper/hw/design_1_wrapper.xsa
TRACE::2024-01-17.13:52:50::SCWPlatform::DSA given C:/Users/benfetima/Desktop/DID/LCD/VITIS24/design_1_wrapper/hw/design_1_wrapper.xsa
TRACE::2024-01-17.13:52:50::SCWPlatform::DSA absoulate path C:/Users/benfetima/Desktop/DID/LCD/VITIS24/design_1_wrapper/hw/design_1_wrapper.xsa
TRACE::2024-01-17.13:52:50::SCWPlatform::DSA directory C:/Users/benfetima/Desktop/DID/LCD/VITIS24/design_1_wrapper/hw
TRACE::2024-01-17.13:52:50::SCWPlatform:: Platform Path C:/Users/benfetima/Desktop/DID/LCD/VITIS24/design_1_wrapper/hw/design_1_wrapper.xsa
TRACE::2024-01-17.13:52:50::SCWPlatform:: Unique name xilinx:kc705::0.0
TRACE::2024-01-17.13:52:50::SCWPlatform::Trying to set the existing hwdb with name design_1_wrapper_0
TRACE::2024-01-17.13:52:50::SCWPlatform::Opened existing hwdb design_1_wrapper_0
TRACE::2024-01-17.13:52:50::SCWPlatform::Found the Hw Db part of the input DSA
TRACE::2024-01-17.13:52:50::SCWMssOS::Checking the sw design at  C:/Users/benfetima/Desktop/DID/LCD/VITIS24/design_1_wrapper/microblaze_0/standalone_microblaze_0/bsp/system.mss
TRACE::2024-01-17.13:52:50::SCWMssOS::DEBUG:  swdes dump  C:/Users/benfetima/Desktop/DID/LCD/VITIS24/design_1_wrapper/microblaze_0/standalone_microblaze_0/bsp/system.mss|system||

TRACE::2024-01-17.13:52:50::SCWMssOS::Sw design exists and opened at  C:/Users/benfetima/Desktop/DID/LCD/VITIS24/design_1_wrapper/microblaze_0/standalone_microblaze_0/bsp/system.mss
TRACE::2024-01-17.13:52:50::SCWPlatform::Trying to open the hw design at C:/Users/benfetima/Desktop/DID/LCD/VITIS24/design_1_wrapper/hw/design_1_wrapper.xsa
TRACE::2024-01-17.13:52:50::SCWPlatform::DSA given C:/Users/benfetima/Desktop/DID/LCD/VITIS24/design_1_wrapper/hw/design_1_wrapper.xsa
TRACE::2024-01-17.13:52:50::SCWPlatform::DSA absoulate path C:/Users/benfetima/Desktop/DID/LCD/VITIS24/design_1_wrapper/hw/design_1_wrapper.xsa
TRACE::2024-01-17.13:52:50::SCWPlatform::DSA directory C:/Users/benfetima/Desktop/DID/LCD/VITIS24/design_1_wrapper/hw
TRACE::2024-01-17.13:52:50::SCWPlatform:: Platform Path C:/Users/benfetima/Desktop/DID/LCD/VITIS24/design_1_wrapper/hw/design_1_wrapper.xsa
TRACE::2024-01-17.13:52:50::SCWPlatform:: Unique name xilinx:kc705::0.0
TRACE::2024-01-17.13:52:50::SCWPlatform::Trying to set the existing hwdb with name design_1_wrapper_0
TRACE::2024-01-17.13:52:50::SCWPlatform::Opened existing hwdb design_1_wrapper_0
TRACE::2024-01-17.13:52:50::SCWPlatform::Found the Hw Db part of the input DSA
TRACE::2024-01-17.13:52:50::SCWMssOS::Checking the sw design at  C:/Users/benfetima/Desktop/DID/LCD/VITIS24/design_1_wrapper/microblaze_0/standalone_microblaze_0/bsp/system.mss
TRACE::2024-01-17.13:52:50::SCWMssOS::DEBUG:  swdes dump  C:/Users/benfetima/Desktop/DID/LCD/VITIS24/design_1_wrapper/microblaze_0/standalone_microblaze_0/bsp/system.mss|system||

TRACE::2024-01-17.13:52:50::SCWMssOS::Sw design exists and opened at  C:/Users/benfetima/Desktop/DID/LCD/VITIS24/design_1_wrapper/microblaze_0/standalone_microblaze_0/bsp/system.mss
TRACE::2024-01-17.13:52:50::SCWPlatform::Trying to open the hw design at C:/Users/benfetima/Desktop/DID/LCD/VITIS24/design_1_wrapper/hw/design_1_wrapper.xsa
TRACE::2024-01-17.13:52:50::SCWPlatform::DSA given C:/Users/benfetima/Desktop/DID/LCD/VITIS24/design_1_wrapper/hw/design_1_wrapper.xsa
TRACE::2024-01-17.13:52:50::SCWPlatform::DSA absoulate path C:/Users/benfetima/Desktop/DID/LCD/VITIS24/design_1_wrapper/hw/design_1_wrapper.xsa
TRACE::2024-01-17.13:52:50::SCWPlatform::DSA directory C:/Users/benfetima/Desktop/DID/LCD/VITIS24/design_1_wrapper/hw
TRACE::2024-01-17.13:52:50::SCWPlatform:: Platform Path C:/Users/benfetima/Desktop/DID/LCD/VITIS24/design_1_wrapper/hw/design_1_wrapper.xsa
TRACE::2024-01-17.13:52:50::SCWPlatform:: Unique name xilinx:kc705::0.0
TRACE::2024-01-17.13:52:50::SCWPlatform::Trying to set the existing hwdb with name design_1_wrapper_0
TRACE::2024-01-17.13:52:50::SCWPlatform::Opened existing hwdb design_1_wrapper_0
TRACE::2024-01-17.13:52:50::SCWPlatform::Found the Hw Db part of the input DSA
TRACE::2024-01-17.13:52:50::SCWMssOS::Checking the sw design at  C:/Users/benfetima/Desktop/DID/LCD/VITIS24/design_1_wrapper/microblaze_0/standalone_microblaze_0/bsp/system.mss
TRACE::2024-01-17.13:52:50::SCWMssOS::DEBUG:  swdes dump  C:/Users/benfetima/Desktop/DID/LCD/VITIS24/design_1_wrapper/microblaze_0/standalone_microblaze_0/bsp/system.mss|system||

TRACE::2024-01-17.13:52:50::SCWMssOS::Sw design exists and opened at  C:/Users/benfetima/Desktop/DID/LCD/VITIS24/design_1_wrapper/microblaze_0/standalone_microblaze_0/bsp/system.mss
TRACE::2024-01-17.13:52:50::SCWWriter::formatted JSON is {
	"platformName":	"design_1_wrapper",
	"sprVersion":	"2.0",
	"mode":	"gui",
	"dsaType":	"Fixed",
	"platformDesc":	"design_1_wrapper",
	"platHandOff":	"<platformDir>.xsa",
	"platIntHandOff":	"<platformDir>/hw/design_1_wrapper.xsa",
	"deviceType":	"FPGA",
	"platIsPrebuiltAutogen":	"false",
	"platIsNoBootBsp":	"false",
	"hasFsblMakeHasChanges":	"false",
	"hasPmufwMakeHasChanges":	"false",
	"platPreBuiltFlag":	false,
	"platformSamplesDir":	"",
	"platActiveSys":	"design_1_wrapper",
	"systems":	[{
			"systemName":	"design_1_wrapper",
			"systemDesc":	"design_1_wrapper",
			"sysIsBootAutoGen":	"true",
			"systemDispName":	"design_1_wrapper",
			"sysActiveDom":	"standalone_microblaze_0",
			"sysDefaultDom":	"standalone_microblaze_0",
			"domains":	[{
					"domainName":	"standalone_microblaze_0",
					"domainDispName":	"standalone_microblaze_0",
					"domainDesc":	"standalone_microblaze_0",
					"processors":	"microblaze_0",
					"os":	"standalone",
					"sdxOs":	"standalone",
					"debugEnable":	"False",
					"domRuntimes":	["cpp"],
					"swRepo":	"",
					"mssOsVer":	"7.6",
					"mssFile":	"",
					"md5Digest":	"051a00ce14bcc300f0a9e066a21e096e",
					"compatibleApp":	"hello_world",
					"domType":	"mssDomain",
					"arch":	"32-bit",
					"appSettings":	{
						"appCompilerFlags":	"",
						"appLinkerFlags":	""
					},
					"addedLibs":	[],
					"libOptions":	{
						"libsContainingOptions":	[]
					},
					"prebuiltLibs":	{
						"prebuiltIncPath":	[],
						"prebuiltLibPath":	[]
					},
					"isolation":	{
					}
				}]
		}]
}
LOG::2024-01-17.13:52:50::SCWPlatform::Started generating the artifacts platform design_1_wrapper
TRACE::2024-01-17.13:52:50::SCWPlatform::Sanity checking of platform is completed
LOG::2024-01-17.13:52:50::SCWPlatform::Started generating the artifacts for system configuration design_1_wrapper
LOG::2024-01-17.13:52:50::SCWSystem::Started Processing the domain standalone_microblaze_0
TRACE::2024-01-17.13:52:50::SCWDomain::Generating domain artifcats
TRACE::2024-01-17.13:52:50::SCWMssOS::Generating standalone artifcats
TRACE::2024-01-17.13:52:50::SCWMssOS:: Copying the user libraries. 
TRACE::2024-01-17.13:52:50::SCWPlatform::Trying to open the hw design at C:/Users/benfetima/Desktop/DID/LCD/VITIS24/design_1_wrapper/hw/design_1_wrapper.xsa
TRACE::2024-01-17.13:52:50::SCWPlatform::DSA given C:/Users/benfetima/Desktop/DID/LCD/VITIS24/design_1_wrapper/hw/design_1_wrapper.xsa
TRACE::2024-01-17.13:52:50::SCWPlatform::DSA absoulate path C:/Users/benfetima/Desktop/DID/LCD/VITIS24/design_1_wrapper/hw/design_1_wrapper.xsa
TRACE::2024-01-17.13:52:50::SCWPlatform::DSA directory C:/Users/benfetima/Desktop/DID/LCD/VITIS24/design_1_wrapper/hw
TRACE::2024-01-17.13:52:50::SCWPlatform:: Platform Path C:/Users/benfetima/Desktop/DID/LCD/VITIS24/design_1_wrapper/hw/design_1_wrapper.xsa
TRACE::2024-01-17.13:52:50::SCWPlatform:: Unique name xilinx:kc705::0.0
TRACE::2024-01-17.13:52:50::SCWPlatform::Trying to set the existing hwdb with name design_1_wrapper_0
TRACE::2024-01-17.13:52:50::SCWPlatform::Opened existing hwdb design_1_wrapper_0
TRACE::2024-01-17.13:52:50::SCWPlatform::Found the Hw Db part of the input DSA
TRACE::2024-01-17.13:52:50::SCWMssOS::Checking the sw design at  C:/Users/benfetima/Desktop/DID/LCD/VITIS24/design_1_wrapper/microblaze_0/standalone_microblaze_0/bsp/system.mss
TRACE::2024-01-17.13:52:50::SCWMssOS::DEBUG:  swdes dump  C:/Users/benfetima/Desktop/DID/LCD/VITIS24/design_1_wrapper/microblaze_0/standalone_microblaze_0/bsp/system.mss|system||

TRACE::2024-01-17.13:52:50::SCWMssOS::Sw design exists and opened at  C:/Users/benfetima/Desktop/DID/LCD/VITIS24/design_1_wrapper/microblaze_0/standalone_microblaze_0/bsp/system.mss
TRACE::2024-01-17.13:52:50::SCWMssOS::Completed writing the mss file at C:/Users/benfetima/Desktop/DID/LCD/VITIS24/design_1_wrapper/microblaze_0/standalone_microblaze_0/bsp
TRACE::2024-01-17.13:52:50::SCWMssOS::Mss edits present, copying mssfile into export location C:/Users/benfetima/Desktop/DID/LCD/VITIS24/design_1_wrapper/microblaze_0/standalone_microblaze_0/bsp/system.mss
TRACE::2024-01-17.13:52:50::SCWMssOS::bsp generated is upto date with the mss file. Skipping bsp generation.
TRACE::2024-01-17.13:52:50::SCWMssOS::BSP is already built. skipping the bsp build ... 
TRACE::2024-01-17.13:52:50::SCWDomain::Building the domain as part of full build :  standalone_microblaze_0
TRACE::2024-01-17.13:52:50::SCWMssOS::skipping the bsp build ... 
TRACE::2024-01-17.13:52:50::SCWMssOS::Copying to export directory.
TRACE::2024-01-17.13:52:50::SCWMssOS:: Checking if to create the Supporting Applications
TRACE::2024-01-17.13:52:50::SCWMssOS:: No Linux domain exists, trying to generate FSBL 
LOG::2024-01-17.13:52:50::SCWSystem::Completed Processing the domain standalone_microblaze_0
LOG::2024-01-17.13:52:50::SCWSystem::Completed Processing the sysconfig design_1_wrapper
LOG::2024-01-17.13:52:50::SCWPlatform::Completed generating the artifacts for system configuration design_1_wrapper
TRACE::2024-01-17.13:52:50::SCWPlatform::Started preparing the platform 
TRACE::2024-01-17.13:52:50::SCWSystem::Writing the bif file for system config design_1_wrapper
TRACE::2024-01-17.13:52:50::SCWSystem::dir created 
TRACE::2024-01-17.13:52:50::SCWSystem::Writing the bif 
TRACE::2024-01-17.13:52:50::SCWPlatform::Started writing the spfm file 
TRACE::2024-01-17.13:52:50::SCWPlatform::Started writing the xpfm file 
TRACE::2024-01-17.13:52:51::SCWPlatform::Completed generating the platform
TRACE::2024-01-17.13:52:51::SCWMssOS::Saving the mss changes C:/Users/benfetima/Desktop/DID/LCD/VITIS24/design_1_wrapper/microblaze_0/standalone_microblaze_0/bsp/system.mss
TRACE::2024-01-17.13:52:51::SCWMssOS::Found a swdesign opened with the mssfile.
TRACE::2024-01-17.13:52:51::SCWMssOS::Completed writemss as part of save.
TRACE::2024-01-17.13:52:51::SCWMssOS::Commit changes completed.
TRACE::2024-01-17.13:52:51::SCWPlatform::Trying to open the hw design at C:/Users/benfetima/Desktop/DID/LCD/VITIS24/design_1_wrapper/hw/design_1_wrapper.xsa
TRACE::2024-01-17.13:52:51::SCWPlatform::DSA given C:/Users/benfetima/Desktop/DID/LCD/VITIS24/design_1_wrapper/hw/design_1_wrapper.xsa
TRACE::2024-01-17.13:52:51::SCWPlatform::DSA absoulate path C:/Users/benfetima/Desktop/DID/LCD/VITIS24/design_1_wrapper/hw/design_1_wrapper.xsa
TRACE::2024-01-17.13:52:51::SCWPlatform::DSA directory C:/Users/benfetima/Desktop/DID/LCD/VITIS24/design_1_wrapper/hw
TRACE::2024-01-17.13:52:51::SCWPlatform:: Platform Path C:/Users/benfetima/Desktop/DID/LCD/VITIS24/design_1_wrapper/hw/design_1_wrapper.xsa
TRACE::2024-01-17.13:52:51::SCWPlatform:: Unique name xilinx:kc705::0.0
TRACE::2024-01-17.13:52:51::SCWPlatform::Trying to set the existing hwdb with name design_1_wrapper_0
TRACE::2024-01-17.13:52:51::SCWPlatform::Opened existing hwdb design_1_wrapper_0
TRACE::2024-01-17.13:52:51::SCWPlatform::Found the Hw Db part of the input DSA
TRACE::2024-01-17.13:52:51::SCWMssOS::Checking the sw design at  C:/Users/benfetima/Desktop/DID/LCD/VITIS24/design_1_wrapper/microblaze_0/standalone_microblaze_0/bsp/system.mss
TRACE::2024-01-17.13:52:51::SCWMssOS::DEBUG:  swdes dump  C:/Users/benfetima/Desktop/DID/LCD/VITIS24/design_1_wrapper/microblaze_0/standalone_microblaze_0/bsp/system.mss|system||

TRACE::2024-01-17.13:52:51::SCWMssOS::Sw design exists and opened at  C:/Users/benfetima/Desktop/DID/LCD/VITIS24/design_1_wrapper/microblaze_0/standalone_microblaze_0/bsp/system.mss
TRACE::2024-01-17.13:52:51::SCWPlatform::Trying to open the hw design at C:/Users/benfetima/Desktop/DID/LCD/VITIS24/design_1_wrapper/hw/design_1_wrapper.xsa
TRACE::2024-01-17.13:52:51::SCWPlatform::DSA given C:/Users/benfetima/Desktop/DID/LCD/VITIS24/design_1_wrapper/hw/design_1_wrapper.xsa
TRACE::2024-01-17.13:52:51::SCWPlatform::DSA absoulate path C:/Users/benfetima/Desktop/DID/LCD/VITIS24/design_1_wrapper/hw/design_1_wrapper.xsa
TRACE::2024-01-17.13:52:51::SCWPlatform::DSA directory C:/Users/benfetima/Desktop/DID/LCD/VITIS24/design_1_wrapper/hw
TRACE::2024-01-17.13:52:51::SCWPlatform:: Platform Path C:/Users/benfetima/Desktop/DID/LCD/VITIS24/design_1_wrapper/hw/design_1_wrapper.xsa
TRACE::2024-01-17.13:52:51::SCWPlatform:: Unique name xilinx:kc705::0.0
TRACE::2024-01-17.13:52:51::SCWPlatform::Trying to set the existing hwdb with name design_1_wrapper_0
TRACE::2024-01-17.13:52:51::SCWPlatform::Opened existing hwdb design_1_wrapper_0
TRACE::2024-01-17.13:52:51::SCWPlatform::Found the Hw Db part of the input DSA
TRACE::2024-01-17.13:52:51::SCWMssOS::Checking the sw design at  C:/Users/benfetima/Desktop/DID/LCD/VITIS24/design_1_wrapper/microblaze_0/standalone_microblaze_0/bsp/system.mss
TRACE::2024-01-17.13:52:51::SCWMssOS::DEBUG:  swdes dump  C:/Users/benfetima/Desktop/DID/LCD/VITIS24/design_1_wrapper/microblaze_0/standalone_microblaze_0/bsp/system.mss|system||

TRACE::2024-01-17.13:52:51::SCWMssOS::Sw design exists and opened at  C:/Users/benfetima/Desktop/DID/LCD/VITIS24/design_1_wrapper/microblaze_0/standalone_microblaze_0/bsp/system.mss
TRACE::2024-01-17.13:52:51::SCWPlatform::Trying to open the hw design at C:/Users/benfetima/Desktop/DID/LCD/VITIS24/design_1_wrapper/hw/design_1_wrapper.xsa
TRACE::2024-01-17.13:52:51::SCWPlatform::DSA given C:/Users/benfetima/Desktop/DID/LCD/VITIS24/design_1_wrapper/hw/design_1_wrapper.xsa
TRACE::2024-01-17.13:52:51::SCWPlatform::DSA absoulate path C:/Users/benfetima/Desktop/DID/LCD/VITIS24/design_1_wrapper/hw/design_1_wrapper.xsa
TRACE::2024-01-17.13:52:51::SCWPlatform::DSA directory C:/Users/benfetima/Desktop/DID/LCD/VITIS24/design_1_wrapper/hw
TRACE::2024-01-17.13:52:51::SCWPlatform:: Platform Path C:/Users/benfetima/Desktop/DID/LCD/VITIS24/design_1_wrapper/hw/design_1_wrapper.xsa
TRACE::2024-01-17.13:52:51::SCWPlatform:: Unique name xilinx:kc705::0.0
TRACE::2024-01-17.13:52:51::SCWPlatform::Trying to set the existing hwdb with name design_1_wrapper_0
TRACE::2024-01-17.13:52:51::SCWPlatform::Opened existing hwdb design_1_wrapper_0
TRACE::2024-01-17.13:52:51::SCWPlatform::Found the Hw Db part of the input DSA
TRACE::2024-01-17.13:52:51::SCWMssOS::Checking the sw design at  C:/Users/benfetima/Desktop/DID/LCD/VITIS24/design_1_wrapper/microblaze_0/standalone_microblaze_0/bsp/system.mss
TRACE::2024-01-17.13:52:51::SCWMssOS::DEBUG:  swdes dump  C:/Users/benfetima/Desktop/DID/LCD/VITIS24/design_1_wrapper/microblaze_0/standalone_microblaze_0/bsp/system.mss|system||

TRACE::2024-01-17.13:52:51::SCWMssOS::Sw design exists and opened at  C:/Users/benfetima/Desktop/DID/LCD/VITIS24/design_1_wrapper/microblaze_0/standalone_microblaze_0/bsp/system.mss
TRACE::2024-01-17.13:52:51::SCWWriter::formatted JSON is {
	"platformName":	"design_1_wrapper",
	"sprVersion":	"2.0",
	"mode":	"gui",
	"dsaType":	"Fixed",
	"platformDesc":	"design_1_wrapper",
	"platHandOff":	"<platformDir>.xsa",
	"platIntHandOff":	"<platformDir>/hw/design_1_wrapper.xsa",
	"deviceType":	"FPGA",
	"platIsPrebuiltAutogen":	"false",
	"platIsNoBootBsp":	"false",
	"hasFsblMakeHasChanges":	"false",
	"hasPmufwMakeHasChanges":	"false",
	"platPreBuiltFlag":	false,
	"platformSamplesDir":	"",
	"platActiveSys":	"design_1_wrapper",
	"systems":	[{
			"systemName":	"design_1_wrapper",
			"systemDesc":	"design_1_wrapper",
			"sysIsBootAutoGen":	"true",
			"systemDispName":	"design_1_wrapper",
			"sysActiveDom":	"standalone_microblaze_0",
			"sysDefaultDom":	"standalone_microblaze_0",
			"domains":	[{
					"domainName":	"standalone_microblaze_0",
					"domainDispName":	"standalone_microblaze_0",
					"domainDesc":	"standalone_microblaze_0",
					"processors":	"microblaze_0",
					"os":	"standalone",
					"sdxOs":	"standalone",
					"debugEnable":	"False",
					"domRuntimes":	["cpp"],
					"swRepo":	"",
					"mssOsVer":	"7.6",
					"mssFile":	"",
					"md5Digest":	"051a00ce14bcc300f0a9e066a21e096e",
					"compatibleApp":	"hello_world",
					"domType":	"mssDomain",
					"arch":	"32-bit",
					"appSettings":	{
						"appCompilerFlags":	"",
						"appLinkerFlags":	""
					},
					"addedLibs":	[],
					"libOptions":	{
						"libsContainingOptions":	[]
					},
					"prebuiltLibs":	{
						"prebuiltIncPath":	[],
						"prebuiltLibPath":	[]
					},
					"isolation":	{
					}
				}]
		}]
}
KEYINFO::2024-01-17.13:52:51::SCWPlatform::updated the xpfm file.
LOG::2024-01-17.13:53:19::SCWPlatform::Started generating the artifacts platform design_1_wrapper
TRACE::2024-01-17.13:53:19::SCWPlatform::Sanity checking of platform is completed
LOG::2024-01-17.13:53:19::SCWPlatform::Started generating the artifacts for system configuration design_1_wrapper
LOG::2024-01-17.13:53:19::SCWSystem::Checking the domain standalone_microblaze_0
LOG::2024-01-17.13:53:19::SCWSystem::Not a boot domain 
LOG::2024-01-17.13:53:19::SCWSystem::Started Processing the domain standalone_microblaze_0
TRACE::2024-01-17.13:53:19::SCWDomain::Generating domain artifcats
TRACE::2024-01-17.13:53:19::SCWMssOS::Generating standalone artifcats
TRACE::2024-01-17.13:53:19::SCWMssOS:: Copying the user libraries. 
TRACE::2024-01-17.13:53:19::SCWPlatform::Trying to open the hw design at C:/Users/benfetima/Desktop/DID/LCD/VITIS24/design_1_wrapper/hw/design_1_wrapper.xsa
TRACE::2024-01-17.13:53:19::SCWPlatform::DSA given C:/Users/benfetima/Desktop/DID/LCD/VITIS24/design_1_wrapper/hw/design_1_wrapper.xsa
TRACE::2024-01-17.13:53:19::SCWPlatform::DSA absoulate path C:/Users/benfetima/Desktop/DID/LCD/VITIS24/design_1_wrapper/hw/design_1_wrapper.xsa
TRACE::2024-01-17.13:53:19::SCWPlatform::DSA directory C:/Users/benfetima/Desktop/DID/LCD/VITIS24/design_1_wrapper/hw
TRACE::2024-01-17.13:53:19::SCWPlatform:: Platform Path C:/Users/benfetima/Desktop/DID/LCD/VITIS24/design_1_wrapper/hw/design_1_wrapper.xsa
TRACE::2024-01-17.13:53:19::SCWPlatform:: Unique name xilinx:kc705::0.0
TRACE::2024-01-17.13:53:19::SCWPlatform::Trying to set the existing hwdb with name design_1_wrapper_0
TRACE::2024-01-17.13:53:19::SCWPlatform::Opened existing hwdb design_1_wrapper_0
TRACE::2024-01-17.13:53:19::SCWPlatform::Found the Hw Db part of the input DSA
TRACE::2024-01-17.13:53:19::SCWMssOS::Checking the sw design at  C:/Users/benfetima/Desktop/DID/LCD/VITIS24/design_1_wrapper/microblaze_0/standalone_microblaze_0/bsp/system.mss
TRACE::2024-01-17.13:53:19::SCWMssOS::DEBUG:  swdes dump  C:/Users/benfetima/Desktop/DID/LCD/VITIS24/design_1_wrapper/microblaze_0/standalone_microblaze_0/bsp/system.mss|system||

TRACE::2024-01-17.13:53:19::SCWMssOS::Sw design exists and opened at  C:/Users/benfetima/Desktop/DID/LCD/VITIS24/design_1_wrapper/microblaze_0/standalone_microblaze_0/bsp/system.mss
TRACE::2024-01-17.13:53:19::SCWMssOS::Completed writing the mss file at C:/Users/benfetima/Desktop/DID/LCD/VITIS24/design_1_wrapper/microblaze_0/standalone_microblaze_0/bsp
TRACE::2024-01-17.13:53:19::SCWMssOS::Mss edits present, copying mssfile into export location C:/Users/benfetima/Desktop/DID/LCD/VITIS24/design_1_wrapper/microblaze_0/standalone_microblaze_0/bsp/system.mss
TRACE::2024-01-17.13:53:19::SCWMssOS::bsp generated is upto date with the mss file. Skipping bsp generation.
TRACE::2024-01-17.13:53:19::SCWMssOS::BSP is already built. skipping the bsp build ... 
TRACE::2024-01-17.13:53:19::SCWDomain::Building the domain as part of full build :  standalone_microblaze_0
TRACE::2024-01-17.13:53:19::SCWMssOS::doing bsp build ... 
TRACE::2024-01-17.13:53:19::SCWMssOS::System Command Ran  C: & cd  C:/Users/benfetima/Desktop/DID/LCD/VITIS24/design_1_wrapper/microblaze_0/standalone_microblaze_0/bsp & make 
TRACE::2024-01-17.13:53:19::SCWMssOS::make --no-print-directory seq_libs

TRACE::2024-01-17.13:53:19::SCWMssOS::'Finished building libraries sequentially.'

TRACE::2024-01-17.13:53:19::SCWMssOS::make -j 14 --no-print-directory par_libs

TRACE::2024-01-17.13:53:19::SCWMssOS::"Running Make include in microblaze_0/libsrc/bram_v4_7/src"

TRACE::2024-01-17.13:53:19::SCWMssOS::make -C microblaze_0/libsrc/bram_v4_7/src -s include  "SHELL=CMD" "COMPILER=mb-gcc" "ASSEMBLER=mb-as" "ARCHIVER=mb-ar" "COMPILE
TRACE::2024-01-17.13:53:19::SCWMssOS::R_FLAGS=  -O2 -c -mcpu=v11.0 -mlittle-endian -mno-xl-reorder -mno-xl-soft-mul -mxl-barrel-shift -mxl-pattern-compare" "EXTRA_CO
TRACE::2024-01-17.13:53:19::SCWMssOS::MPILER_FLAGS=-g -ffunction-sections -fdata-sections -Wall -Wextra -fno-tree-loop-distribute-patterns"

TRACE::2024-01-17.13:53:19::SCWMssOS::"Running Make include in microblaze_0/libsrc/cpu_v2_14/src"

TRACE::2024-01-17.13:53:19::SCWMssOS::make -C microblaze_0/libsrc/cpu_v2_14/src -s include  "SHELL=CMD" "COMPILER=mb-gcc" "ASSEMBLER=mb-as" "ARCHIVER=mb-ar" "COMPILE
TRACE::2024-01-17.13:53:19::SCWMssOS::R_FLAGS=  -O2 -c -mcpu=v11.0 -mlittle-endian -mno-xl-reorder -mno-xl-soft-mul -mxl-barrel-shift -mxl-pattern-compare" "EXTRA_CO
TRACE::2024-01-17.13:53:19::SCWMssOS::MPILER_FLAGS=-g -ffunction-sections -fdata-sections -Wall -Wextra -fno-tree-loop-distribute-patterns"

TRACE::2024-01-17.13:53:19::SCWMssOS::"Running Make include in microblaze_0/libsrc/gpio_v4_8/src"

TRACE::2024-01-17.13:53:19::SCWMssOS::make -C microblaze_0/libsrc/gpio_v4_8/src -s include  "SHELL=CMD" "COMPILER=mb-gcc" "ASSEMBLER=mb-as" "ARCHIVER=mb-ar" "COMPILE
TRACE::2024-01-17.13:53:19::SCWMssOS::R_FLAGS=  -O2 -c -mcpu=v11.0 -mlittle-endian -mno-xl-reorder -mno-xl-soft-mul -mxl-barrel-shift -mxl-pattern-compare" "EXTRA_CO
TRACE::2024-01-17.13:53:19::SCWMssOS::MPILER_FLAGS=-g -ffunction-sections -fdata-sections -Wall -Wextra -fno-tree-loop-distribute-patterns"

TRACE::2024-01-17.13:53:19::SCWMssOS::"Running Make include in microblaze_0/libsrc/standalone_v7_6/src"

TRACE::2024-01-17.13:53:19::SCWMssOS::make -C microblaze_0/libsrc/standalone_v7_6/src -s include  "SHELL=CMD" "COMPILER=mb-gcc" "ASSEMBLER=mb-as" "ARCHIVER=mb-ar" "C
TRACE::2024-01-17.13:53:19::SCWMssOS::OMPILER_FLAGS=  -O2 -c -mcpu=v11.0 -mlittle-endian -mno-xl-reorder -mno-xl-soft-mul -mxl-barrel-shift -mxl-pattern-compare" "EX
TRACE::2024-01-17.13:53:19::SCWMssOS::TRA_COMPILER_FLAGS=-g -ffunction-sections -fdata-sections -Wall -Wextra -fno-tree-loop-distribute-patterns"

TRACE::2024-01-17.13:53:19::SCWMssOS::"Running Make include in microblaze_0/libsrc/uartlite_v3_6/src"

TRACE::2024-01-17.13:53:19::SCWMssOS::make -C microblaze_0/libsrc/uartlite_v3_6/src -s include  "SHELL=CMD" "COMPILER=mb-gcc" "ASSEMBLER=mb-as" "ARCHIVER=mb-ar" "COM
TRACE::2024-01-17.13:53:19::SCWMssOS::PILER_FLAGS=  -O2 -c -mcpu=v11.0 -mlittle-endian -mno-xl-reorder -mno-xl-soft-mul -mxl-barrel-shift -mxl-pattern-compare" "EXTR
TRACE::2024-01-17.13:53:19::SCWMssOS::A_COMPILER_FLAGS=-g -ffunction-sections -fdata-sections -Wall -Wextra -fno-tree-loop-distribute-patterns"

TRACE::2024-01-17.13:53:20::SCWMssOS::"Running Make libs in microblaze_0/libsrc/bram_v4_7/src"

TRACE::2024-01-17.13:53:20::SCWMssOS::make -C microblaze_0/libsrc/bram_v4_7/src -s libs  "SHELL=CMD" "COMPILER=mb-gcc" "ASSEMBLER=mb-as" "ARCHIVER=mb-ar" "COMPILER_F
TRACE::2024-01-17.13:53:20::SCWMssOS::LAGS=  -O2 -c -mcpu=v11.0 -mlittle-endian -mno-xl-reorder -mno-xl-soft-mul -mxl-barrel-shift -mxl-pattern-compare" "EXTRA_COMPI
TRACE::2024-01-17.13:53:20::SCWMssOS::LER_FLAGS=-g -ffunction-sections -fdata-sections -Wall -Wextra -fno-tree-loop-distribute-patterns"

TRACE::2024-01-17.13:53:20::SCWMssOS::"Running Make libs in microblaze_0/libsrc/cpu_v2_14/src"

TRACE::2024-01-17.13:53:20::SCWMssOS::make -C microblaze_0/libsrc/cpu_v2_14/src -s libs  "SHELL=CMD" "COMPILER=mb-gcc" "ASSEMBLER=mb-as" "ARCHIVER=mb-ar" "COMPILER_F
TRACE::2024-01-17.13:53:20::SCWMssOS::LAGS=  -O2 -c -mcpu=v11.0 -mlittle-endian -mno-xl-reorder -mno-xl-soft-mul -mxl-barrel-shift -mxl-pattern-compare" "EXTRA_COMPI
TRACE::2024-01-17.13:53:20::SCWMssOS::LER_FLAGS=-g -ffunction-sections -fdata-sections -Wall -Wextra -fno-tree-loop-distribute-patterns"

TRACE::2024-01-17.13:53:20::SCWMssOS::"Running Make libs in microblaze_0/libsrc/gpio_v4_8/src"

TRACE::2024-01-17.13:53:20::SCWMssOS::make -C microblaze_0/libsrc/gpio_v4_8/src -s libs  "SHELL=CMD" "COMPILER=mb-gcc" "ASSEMBLER=mb-as" "ARCHIVER=mb-ar" "COMPILER_F
TRACE::2024-01-17.13:53:20::SCWMssOS::LAGS=  -O2 -c -mcpu=v11.0 -mlittle-endian -mno-xl-reorder -mno-xl-soft-mul -mxl-barrel-shift -mxl-pattern-compare" "EXTRA_COMPI
TRACE::2024-01-17.13:53:20::SCWMssOS::LER_FLAGS=-g -ffunction-sections -fdata-sections -Wall -Wextra -fno-tree-loop-distribute-patterns"

TRACE::2024-01-17.13:53:20::SCWMssOS::"Running Make libs in microblaze_0/libsrc/standalone_v7_6/src"

TRACE::2024-01-17.13:53:20::SCWMssOS::make -C microblaze_0/libsrc/standalone_v7_6/src -s libs  "SHELL=CMD" "COMPILER=mb-gcc" "ASSEMBLER=mb-as" "ARCHIVER=mb-ar" "COMP
TRACE::2024-01-17.13:53:20::SCWMssOS::ILER_FLAGS=  -O2 -c -mcpu=v11.0 -mlittle-endian -mno-xl-reorder -mno-xl-soft-mul -mxl-barrel-shift -mxl-pattern-compare" "EXTRA
TRACE::2024-01-17.13:53:20::SCWMssOS::_COMPILER_FLAGS=-g -ffunction-sections -fdata-sections -Wall -Wextra -fno-tree-loop-distribute-patterns"

TRACE::2024-01-17.13:53:20::SCWMssOS::"Running Make libs in microblaze_0/libsrc/uartlite_v3_6/src"

TRACE::2024-01-17.13:53:20::SCWMssOS::make -C microblaze_0/libsrc/uartlite_v3_6/src -s libs  "SHELL=CMD" "COMPILER=mb-gcc" "ASSEMBLER=mb-as" "ARCHIVER=mb-ar" "COMPIL
TRACE::2024-01-17.13:53:20::SCWMssOS::ER_FLAGS=  -O2 -c -mcpu=v11.0 -mlittle-endian -mno-xl-reorder -mno-xl-soft-mul -mxl-barrel-shift -mxl-pattern-compare" "EXTRA_C
TRACE::2024-01-17.13:53:20::SCWMssOS::OMPILER_FLAGS=-g -ffunction-sections -fdata-sections -Wall -Wextra -fno-tree-loop-distribute-patterns"

TRACE::2024-01-17.13:53:22::SCWMssOS::"DEBUG NON_LTO_OBJECTS is ../../../lib/microblaze_interrupt_handler.o"

TRACE::2024-01-17.13:53:22::SCWMssOS::'Finished building libraries parallelly.'

TRACE::2024-01-17.13:53:22::SCWMssOS::make --no-print-directory archive

TRACE::2024-01-17.13:53:22::SCWMssOS::mb-ar -r  microblaze_0/lib/libxil.a microblaze_0/lib/xplatform_info.o microblaze_0/lib/xuartlite.o microblaze_0/lib/microblaze_
TRACE::2024-01-17.13:53:22::SCWMssOS::disable_exceptions.o microblaze_0/lib/print.o microblaze_0/lib/_exit.o microblaze_0/lib/xil_testio.o microblaze_0/lib/microblaz
TRACE::2024-01-17.13:53:22::SCWMssOS::e_disable_dcache.o microblaze_0/lib/microblaze_flush_dcache_range.o microblaze_0/lib/microblaze_flush_cache_ext.o microblaze_0/
TRACE::2024-01-17.13:53:22::SCWMssOS::lib/xbram_sinit.o microblaze_0/lib/xil_misc_psreset_api.o microblaze_0/lib/xil_cache.o microblaze_0/lib/xil_util.o microblaze_0
TRACE::2024-01-17.13:53:22::SCWMssOS::/lib/inbyte.o microblaze_0/lib/microblaze_exception_handler.o microblaze_0/lib/xbram_g.o microblaze_0/lib/microblaze_scrub.o mi
TRACE::2024-01-17.13:53:22::SCWMssOS::croblaze_0/lib/microblaze_invalidate_dcache.o microblaze_0/lib/microblaze_disable_interrupts.o microblaze_0/lib/xbram_selftest.
TRACE::2024-01-17.13:53:22::SCWMssOS::o microblaze_0/lib/microblaze_interrupt_handler.o microblaze_0/lib/microblaze_disable_icache.o microblaze_0/lib/xgpio_g.o micro
TRACE::2024-01-17.13:53:22::SCWMssOS::blaze_0/lib/xil_mem.o microblaze_0/lib/microblaze_flush_cache_ext_range.o microblaze_0/lib/xbram_intr.o microblaze_0/lib/xil_sl
TRACE::2024-01-17.13:53:22::SCWMssOS::eepcommon.o microblaze_0/lib/xil_printf.o microblaze_0/lib/xio.o microblaze_0/lib/outbyte.o microblaze_0/lib/xgpio_intr.o micro
TRACE::2024-01-17.13:53:23::SCWMssOS::blaze_0/lib/microblaze_invalidate_dcache_range.o microblaze_0/lib/xuartlite_g.o microblaze_0/lib/microblaze_invalidate_cache_ex
TRACE::2024-01-17.13:53:23::SCWMssOS::t.o microblaze_0/lib/microblaze_sleep.o microblaze_0/lib/hw_exception_handler.o microblaze_0/lib/xuartlite_selftest.o microblaz
TRACE::2024-01-17.13:53:23::SCWMssOS::e_0/lib/xgpio_sinit.o microblaze_0/lib/microblaze_update_dcache.o microblaze_0/lib/xil_testcache.o microblaze_0/lib/microblaze_
TRACE::2024-01-17.13:53:23::SCWMssOS::selftest.o microblaze_0/lib/microblaze_interrupts_g.o microblaze_0/lib/microblaze_enable_exceptions.o microblaze_0/lib/microbla
TRACE::2024-01-17.13:53:23::SCWMssOS::ze_enable_dcache.o microblaze_0/lib/xbram.o microblaze_0/lib/microblaze_invalidate_icache_range.o microblaze_0/lib/xuartlite_si
TRACE::2024-01-17.13:53:23::SCWMssOS::nit.o microblaze_0/lib/microblaze_init_dcache_range.o microblaze_0/lib/microblaze_invalidate_icache.o microblaze_0/lib/errno.o 
TRACE::2024-01-17.13:53:23::SCWMssOS::microblaze_0/lib/xuartlite_l.o microblaze_0/lib/xuartlite_stats.o microblaze_0/lib/microblaze_invalidate_cache_ext_range.o micr
TRACE::2024-01-17.13:53:23::SCWMssOS::oblaze_0/lib/xil_exception.o microblaze_0/lib/pvr.o microblaze_0/lib/xgpio.o microblaze_0/lib/xil_testmem.o microblaze_0/lib/mi
TRACE::2024-01-17.13:53:23::SCWMssOS::croblaze_update_icache.o microblaze_0/lib/xuartlite_intr.o microblaze_0/lib/microblaze_flush_dcache.o microblaze_0/lib/xil_cloc
TRACE::2024-01-17.13:53:23::SCWMssOS::king.o microblaze_0/lib/xil_assert.o microblaze_0/lib/microblaze_enable_interrupts.o microblaze_0/lib/xgpio_extra.o microblaze_
TRACE::2024-01-17.13:53:23::SCWMssOS::0/lib/microblaze_enable_icache.o microblaze_0/lib/microblaze_init_icache_range.o microblaze_0/lib/fcntl.o microblaze_0/lib/xgpi
TRACE::2024-01-17.13:53:23::SCWMssOS::o_selftest.o

TRACE::2024-01-17.13:53:23::SCWMssOS::'Finished building libraries'

TRACE::2024-01-17.13:53:23::SCWMssOS::Copying to export directory.
TRACE::2024-01-17.13:53:23::SCWMssOS:: Checking if to create the Supporting Applications
TRACE::2024-01-17.13:53:23::SCWMssOS:: No Linux domain exists, trying to generate FSBL 
LOG::2024-01-17.13:53:23::SCWSystem::Completed Processing the domain standalone_microblaze_0
LOG::2024-01-17.13:53:23::SCWSystem::Completed Processing the sysconfig design_1_wrapper
LOG::2024-01-17.13:53:23::SCWPlatform::Completed generating the artifacts for system configuration design_1_wrapper
TRACE::2024-01-17.13:53:23::SCWPlatform::Started preparing the platform 
TRACE::2024-01-17.13:53:23::SCWSystem::Writing the bif file for system config design_1_wrapper
TRACE::2024-01-17.13:53:23::SCWSystem::dir created 
TRACE::2024-01-17.13:53:23::SCWSystem::Writing the bif 
TRACE::2024-01-17.13:53:23::SCWPlatform::Started writing the spfm file 
TRACE::2024-01-17.13:53:23::SCWPlatform::Started writing the xpfm file 
TRACE::2024-01-17.13:53:23::SCWPlatform::Completed generating the platform
TRACE::2024-01-17.13:53:23::SCWMssOS::Saving the mss changes C:/Users/benfetima/Desktop/DID/LCD/VITIS24/design_1_wrapper/microblaze_0/standalone_microblaze_0/bsp/system.mss
TRACE::2024-01-17.13:53:23::SCWMssOS::Found a swdesign opened with the mssfile.
TRACE::2024-01-17.13:53:23::SCWMssOS::Completed writemss as part of save.
TRACE::2024-01-17.13:53:23::SCWMssOS::Commit changes completed.
TRACE::2024-01-17.13:53:23::SCWPlatform::Trying to open the hw design at C:/Users/benfetima/Desktop/DID/LCD/VITIS24/design_1_wrapper/hw/design_1_wrapper.xsa
TRACE::2024-01-17.13:53:23::SCWPlatform::DSA given C:/Users/benfetima/Desktop/DID/LCD/VITIS24/design_1_wrapper/hw/design_1_wrapper.xsa
TRACE::2024-01-17.13:53:23::SCWPlatform::DSA absoulate path C:/Users/benfetima/Desktop/DID/LCD/VITIS24/design_1_wrapper/hw/design_1_wrapper.xsa
TRACE::2024-01-17.13:53:23::SCWPlatform::DSA directory C:/Users/benfetima/Desktop/DID/LCD/VITIS24/design_1_wrapper/hw
TRACE::2024-01-17.13:53:23::SCWPlatform:: Platform Path C:/Users/benfetima/Desktop/DID/LCD/VITIS24/design_1_wrapper/hw/design_1_wrapper.xsa
TRACE::2024-01-17.13:53:23::SCWPlatform:: Unique name xilinx:kc705::0.0
TRACE::2024-01-17.13:53:23::SCWPlatform::Trying to set the existing hwdb with name design_1_wrapper_0
TRACE::2024-01-17.13:53:23::SCWPlatform::Opened existing hwdb design_1_wrapper_0
TRACE::2024-01-17.13:53:23::SCWPlatform::Found the Hw Db part of the input DSA
TRACE::2024-01-17.13:53:23::SCWMssOS::Checking the sw design at  C:/Users/benfetima/Desktop/DID/LCD/VITIS24/design_1_wrapper/microblaze_0/standalone_microblaze_0/bsp/system.mss
TRACE::2024-01-17.13:53:23::SCWMssOS::DEBUG:  swdes dump  C:/Users/benfetima/Desktop/DID/LCD/VITIS24/design_1_wrapper/microblaze_0/standalone_microblaze_0/bsp/system.mss|system||

TRACE::2024-01-17.13:53:23::SCWMssOS::Sw design exists and opened at  C:/Users/benfetima/Desktop/DID/LCD/VITIS24/design_1_wrapper/microblaze_0/standalone_microblaze_0/bsp/system.mss
TRACE::2024-01-17.13:53:23::SCWPlatform::Trying to open the hw design at C:/Users/benfetima/Desktop/DID/LCD/VITIS24/design_1_wrapper/hw/design_1_wrapper.xsa
TRACE::2024-01-17.13:53:23::SCWPlatform::DSA given C:/Users/benfetima/Desktop/DID/LCD/VITIS24/design_1_wrapper/hw/design_1_wrapper.xsa
TRACE::2024-01-17.13:53:23::SCWPlatform::DSA absoulate path C:/Users/benfetima/Desktop/DID/LCD/VITIS24/design_1_wrapper/hw/design_1_wrapper.xsa
TRACE::2024-01-17.13:53:23::SCWPlatform::DSA directory C:/Users/benfetima/Desktop/DID/LCD/VITIS24/design_1_wrapper/hw
TRACE::2024-01-17.13:53:23::SCWPlatform:: Platform Path C:/Users/benfetima/Desktop/DID/LCD/VITIS24/design_1_wrapper/hw/design_1_wrapper.xsa
TRACE::2024-01-17.13:53:23::SCWPlatform:: Unique name xilinx:kc705::0.0
TRACE::2024-01-17.13:53:23::SCWPlatform::Trying to set the existing hwdb with name design_1_wrapper_0
TRACE::2024-01-17.13:53:23::SCWPlatform::Opened existing hwdb design_1_wrapper_0
TRACE::2024-01-17.13:53:23::SCWPlatform::Found the Hw Db part of the input DSA
TRACE::2024-01-17.13:53:23::SCWMssOS::Checking the sw design at  C:/Users/benfetima/Desktop/DID/LCD/VITIS24/design_1_wrapper/microblaze_0/standalone_microblaze_0/bsp/system.mss
TRACE::2024-01-17.13:53:23::SCWMssOS::DEBUG:  swdes dump  C:/Users/benfetima/Desktop/DID/LCD/VITIS24/design_1_wrapper/microblaze_0/standalone_microblaze_0/bsp/system.mss|system||

TRACE::2024-01-17.13:53:23::SCWMssOS::Sw design exists and opened at  C:/Users/benfetima/Desktop/DID/LCD/VITIS24/design_1_wrapper/microblaze_0/standalone_microblaze_0/bsp/system.mss
TRACE::2024-01-17.13:53:23::SCWPlatform::Trying to open the hw design at C:/Users/benfetima/Desktop/DID/LCD/VITIS24/design_1_wrapper/hw/design_1_wrapper.xsa
TRACE::2024-01-17.13:53:23::SCWPlatform::DSA given C:/Users/benfetima/Desktop/DID/LCD/VITIS24/design_1_wrapper/hw/design_1_wrapper.xsa
TRACE::2024-01-17.13:53:23::SCWPlatform::DSA absoulate path C:/Users/benfetima/Desktop/DID/LCD/VITIS24/design_1_wrapper/hw/design_1_wrapper.xsa
TRACE::2024-01-17.13:53:23::SCWPlatform::DSA directory C:/Users/benfetima/Desktop/DID/LCD/VITIS24/design_1_wrapper/hw
TRACE::2024-01-17.13:53:23::SCWPlatform:: Platform Path C:/Users/benfetima/Desktop/DID/LCD/VITIS24/design_1_wrapper/hw/design_1_wrapper.xsa
TRACE::2024-01-17.13:53:23::SCWPlatform:: Unique name xilinx:kc705::0.0
TRACE::2024-01-17.13:53:23::SCWPlatform::Trying to set the existing hwdb with name design_1_wrapper_0
TRACE::2024-01-17.13:53:23::SCWPlatform::Opened existing hwdb design_1_wrapper_0
TRACE::2024-01-17.13:53:23::SCWPlatform::Found the Hw Db part of the input DSA
TRACE::2024-01-17.13:53:23::SCWMssOS::Checking the sw design at  C:/Users/benfetima/Desktop/DID/LCD/VITIS24/design_1_wrapper/microblaze_0/standalone_microblaze_0/bsp/system.mss
TRACE::2024-01-17.13:53:23::SCWMssOS::DEBUG:  swdes dump  C:/Users/benfetima/Desktop/DID/LCD/VITIS24/design_1_wrapper/microblaze_0/standalone_microblaze_0/bsp/system.mss|system||

TRACE::2024-01-17.13:53:23::SCWMssOS::Sw design exists and opened at  C:/Users/benfetima/Desktop/DID/LCD/VITIS24/design_1_wrapper/microblaze_0/standalone_microblaze_0/bsp/system.mss
TRACE::2024-01-17.13:53:23::SCWWriter::formatted JSON is {
	"platformName":	"design_1_wrapper",
	"sprVersion":	"2.0",
	"mode":	"gui",
	"dsaType":	"Fixed",
	"platformDesc":	"design_1_wrapper",
	"platHandOff":	"<platformDir>.xsa",
	"platIntHandOff":	"<platformDir>/hw/design_1_wrapper.xsa",
	"deviceType":	"FPGA",
	"platIsPrebuiltAutogen":	"false",
	"platIsNoBootBsp":	"false",
	"hasFsblMakeHasChanges":	"false",
	"hasPmufwMakeHasChanges":	"false",
	"platPreBuiltFlag":	false,
	"platformSamplesDir":	"",
	"platActiveSys":	"design_1_wrapper",
	"systems":	[{
			"systemName":	"design_1_wrapper",
			"systemDesc":	"design_1_wrapper",
			"sysIsBootAutoGen":	"true",
			"systemDispName":	"design_1_wrapper",
			"sysActiveDom":	"standalone_microblaze_0",
			"sysDefaultDom":	"standalone_microblaze_0",
			"domains":	[{
					"domainName":	"standalone_microblaze_0",
					"domainDispName":	"standalone_microblaze_0",
					"domainDesc":	"standalone_microblaze_0",
					"processors":	"microblaze_0",
					"os":	"standalone",
					"sdxOs":	"standalone",
					"debugEnable":	"False",
					"domRuntimes":	["cpp"],
					"swRepo":	"",
					"mssOsVer":	"7.6",
					"mssFile":	"",
					"md5Digest":	"051a00ce14bcc300f0a9e066a21e096e",
					"compatibleApp":	"hello_world",
					"domType":	"mssDomain",
					"arch":	"32-bit",
					"appSettings":	{
						"appCompilerFlags":	"",
						"appLinkerFlags":	""
					},
					"addedLibs":	[],
					"libOptions":	{
						"libsContainingOptions":	[]
					},
					"prebuiltLibs":	{
						"prebuiltIncPath":	[],
						"prebuiltLibPath":	[]
					},
					"isolation":	{
					}
				}]
		}]
}
KEYINFO::2024-01-17.13:53:23::SCWPlatform::updated the xpfm file.
TRACE::2024-01-17.13:53:23::SCWPlatform::Trying to open the hw design at C:/Users/benfetima/Desktop/DID/LCD/VITIS24/design_1_wrapper/hw/design_1_wrapper.xsa
TRACE::2024-01-17.13:53:23::SCWPlatform::DSA given C:/Users/benfetima/Desktop/DID/LCD/VITIS24/design_1_wrapper/hw/design_1_wrapper.xsa
TRACE::2024-01-17.13:53:23::SCWPlatform::DSA absoulate path C:/Users/benfetima/Desktop/DID/LCD/VITIS24/design_1_wrapper/hw/design_1_wrapper.xsa
TRACE::2024-01-17.13:53:23::SCWPlatform::DSA directory C:/Users/benfetima/Desktop/DID/LCD/VITIS24/design_1_wrapper/hw
TRACE::2024-01-17.13:53:23::SCWPlatform:: Platform Path C:/Users/benfetima/Desktop/DID/LCD/VITIS24/design_1_wrapper/hw/design_1_wrapper.xsa
TRACE::2024-01-17.13:53:23::SCWPlatform:: Unique name xilinx:kc705::0.0
TRACE::2024-01-17.13:53:23::SCWPlatform::Trying to set the existing hwdb with name design_1_wrapper_0
TRACE::2024-01-17.13:53:23::SCWPlatform::Opened existing hwdb design_1_wrapper_0
TRACE::2024-01-17.13:53:23::SCWPlatform::Found the Hw Db part of the input DSA
TRACE::2024-01-17.13:53:23::SCWMssOS::Checking the sw design at  C:/Users/benfetima/Desktop/DID/LCD/VITIS24/design_1_wrapper/microblaze_0/standalone_microblaze_0/bsp/system.mss
TRACE::2024-01-17.13:53:23::SCWMssOS::DEBUG:  swdes dump  C:/Users/benfetima/Desktop/DID/LCD/VITIS24/design_1_wrapper/microblaze_0/standalone_microblaze_0/bsp/system.mss|system||

TRACE::2024-01-17.13:53:23::SCWMssOS::Sw design exists and opened at  C:/Users/benfetima/Desktop/DID/LCD/VITIS24/design_1_wrapper/microblaze_0/standalone_microblaze_0/bsp/system.mss
