10:02:03 INFO  : Platform repository initialization has completed.
10:02:03 INFO  : Launching XSCT server: xsct.bat -n  -interactive C:\Users\benfetima\Desktop\DID\LCD\project_2\temp_xsdb_launch_script.tcl
10:02:03 INFO  : Registering command handlers for Vitis TCF services
10:02:05 INFO  : XSCT server has started successfully.
10:02:05 INFO  : Successfully done setting XSCT server connection channel  
10:02:05 INFO  : plnx-install-location is set to ''
10:02:05 INFO  : Successfully done query RDI_DATADIR 
10:02:05 INFO  : Successfully done setting workspace for the tool. 
10:02:24 INFO  : Result from executing command 'getProjects': design_1_wrapper
10:02:24 INFO  : Result from executing command 'getPlatforms': 
10:02:25 WARN  : An unexpected exception occurred in the module 'platform project logging'
10:02:25 INFO  : Platform 'design_1_wrapper' is added to custom repositories.
10:02:28 INFO  : Platform 'design_1_wrapper' is added to custom repositories.
10:03:01 INFO  : Result from executing command 'getProjects': design_1_wrapper
10:03:01 INFO  : Result from executing command 'getPlatforms': design_1_wrapper|C:/Users/benfetima/Desktop/DID/LCD/project_2/design_1_wrapper/export/design_1_wrapper/design_1_wrapper.xpfm
10:03:01 INFO  : Checking for BSP changes to sync application flags for project 'lcd'...
10:03:34 INFO  : Connected to target on host '127.0.0.1' and port '3121'.
10:03:34 INFO  : Jtag cable 'Digilent JTAG-SMT1 210203B1C862A' is selected.
10:03:34 INFO  : 'jtag frequency' command is executed.
10:03:34 INFO  : 'targets -set -filter {jtag_cable_name =~ "Digilent JTAG-SMT1 210203B1C862A" && level==0 && jtag_device_ctx=="jsn-JTAG-SMT1-210203B1C862A-43651093-0"}' command is executed.
10:03:41 INFO  : Device configured successfully with "C:/Users/benfetima/Desktop/DID/LCD/project_2/lcd/_ide/bitstream/design_1_wrapper.bit"
10:03:41 INFO  : Context for processor 'microblaze_0' is selected.
10:03:41 INFO  : Hardware design and registers information is loaded from 'C:/Users/benfetima/Desktop/DID/LCD/project_2/design_1_wrapper/export/design_1_wrapper/hw/design_1_wrapper.xsa'.
10:03:41 INFO  : 'configparams mdm-detect-bscan-mask 2' command is executed.
10:03:41 INFO  : Context for processor 'microblaze_0' is selected.
10:03:41 INFO  : System reset is completed.
10:03:44 INFO  : 'after 3000' command is executed.
10:03:45 INFO  : Context for processor 'microblaze_0' is selected.
10:03:45 INFO  : The application 'C:/Users/benfetima/Desktop/DID/LCD/project_2/lcd/Debug/lcd.elf' is downloaded to processor 'microblaze_0'.
10:03:45 INFO  : ----------------XSDB Script----------------
connect -url tcp:127.0.0.1:3121
targets -set -filter {jtag_cable_name =~ "Digilent JTAG-SMT1 210203B1C862A" && level==0 && jtag_device_ctx=="jsn-JTAG-SMT1-210203B1C862A-43651093-0"}
fpga -file C:/Users/benfetima/Desktop/DID/LCD/project_2/lcd/_ide/bitstream/design_1_wrapper.bit
targets -set -nocase -filter {name =~ "*microblaze*#0" && bscan=="USER2" }
loadhw -hw C:/Users/benfetima/Desktop/DID/LCD/project_2/design_1_wrapper/export/design_1_wrapper/hw/design_1_wrapper.xsa -regs
configparams mdm-detect-bscan-mask 2
targets -set -nocase -filter {name =~ "*microblaze*#0" && bscan=="USER2" }
rst -system
after 3000
targets -set -nocase -filter {name =~ "*microblaze*#0" && bscan=="USER2" }
dow C:/Users/benfetima/Desktop/DID/LCD/project_2/lcd/Debug/lcd.elf
----------------End of Script----------------

10:03:45 INFO  : Context for processor 'microblaze_0' is selected.
10:03:45 INFO  : 'con' command is executed.
10:03:45 INFO  : ----------------XSDB Script (After Launch)----------------
targets -set -nocase -filter {name =~ "*microblaze*#0" && bscan=="USER2" }
con
----------------End of Script----------------

10:03:45 INFO  : Launch script is exported to file 'C:\Users\benfetima\Desktop\DID\LCD\project_2\lcd_system\_ide\scripts\debugger_lcd-default.tcl'
10:05:00 INFO  : Checking for BSP changes to sync application flags for project 'lcd'...
10:05:12 INFO  : Disconnected from the channel tcfchan#2.
10:05:13 INFO  : Connected to target on host '127.0.0.1' and port '3121'.
10:05:14 INFO  : Jtag cable 'Digilent JTAG-SMT1 210203B1C862A' is selected.
10:05:14 INFO  : 'jtag frequency' command is executed.
10:05:14 INFO  : 'targets -set -filter {jtag_cable_name =~ "Digilent JTAG-SMT1 210203B1C862A" && level==0 && jtag_device_ctx=="jsn-JTAG-SMT1-210203B1C862A-43651093-0"}' command is executed.
10:05:21 INFO  : Device configured successfully with "C:/Users/benfetima/Desktop/DID/LCD/project_2/lcd/_ide/bitstream/design_1_wrapper.bit"
10:05:21 INFO  : Context for processor 'microblaze_0' is selected.
10:05:21 INFO  : Hardware design and registers information is loaded from 'C:/Users/benfetima/Desktop/DID/LCD/project_2/design_1_wrapper/export/design_1_wrapper/hw/design_1_wrapper.xsa'.
10:05:21 INFO  : 'configparams mdm-detect-bscan-mask 2' command is executed.
10:05:21 INFO  : Context for processor 'microblaze_0' is selected.
10:05:21 INFO  : System reset is completed.
10:05:24 INFO  : 'after 3000' command is executed.
10:05:24 INFO  : Context for processor 'microblaze_0' is selected.
10:05:24 INFO  : The application 'C:/Users/benfetima/Desktop/DID/LCD/project_2/lcd/Debug/lcd.elf' is downloaded to processor 'microblaze_0'.
10:05:24 INFO  : ----------------XSDB Script----------------
connect -url tcp:127.0.0.1:3121
targets -set -filter {jtag_cable_name =~ "Digilent JTAG-SMT1 210203B1C862A" && level==0 && jtag_device_ctx=="jsn-JTAG-SMT1-210203B1C862A-43651093-0"}
fpga -file C:/Users/benfetima/Desktop/DID/LCD/project_2/lcd/_ide/bitstream/design_1_wrapper.bit
targets -set -nocase -filter {name =~ "*microblaze*#0" && bscan=="USER2" }
loadhw -hw C:/Users/benfetima/Desktop/DID/LCD/project_2/design_1_wrapper/export/design_1_wrapper/hw/design_1_wrapper.xsa -regs
configparams mdm-detect-bscan-mask 2
targets -set -nocase -filter {name =~ "*microblaze*#0" && bscan=="USER2" }
rst -system
after 3000
targets -set -nocase -filter {name =~ "*microblaze*#0" && bscan=="USER2" }
dow C:/Users/benfetima/Desktop/DID/LCD/project_2/lcd/Debug/lcd.elf
----------------End of Script----------------

10:05:24 INFO  : Context for processor 'microblaze_0' is selected.
10:05:25 INFO  : 'con' command is executed.
10:05:25 INFO  : ----------------XSDB Script (After Launch)----------------
targets -set -nocase -filter {name =~ "*microblaze*#0" && bscan=="USER2" }
con
----------------End of Script----------------

10:05:25 INFO  : Launch script is exported to file 'C:\Users\benfetima\Desktop\DID\LCD\project_2\lcd_system\_ide\scripts\debugger_lcd-default.tcl'
12:46:04 INFO  : Disconnected from the channel tcfchan#3.
12:46:37 INFO  : Launching XSCT server: xsct.bat -n  -interactive C:\Users\benfetima\Desktop\DID\LCD\project_2\temp_xsdb_launch_script.tcl
12:46:39 INFO  : XSCT server has started successfully.
12:46:39 INFO  : Successfully done setting XSCT server connection channel  
12:46:39 INFO  : plnx-install-location is set to ''
12:46:39 INFO  : Successfully done setting workspace for the tool. 
12:46:40 INFO  : Platform repository initialization has completed.
12:46:40 INFO  : Registering command handlers for Vitis TCF services
12:46:40 INFO  : Successfully done query RDI_DATADIR 
